2023-02-04 21:12:33,623 - mmcls - INFO - Environment info:
------------------------------------------------------------
sys.platform: linux
Python: 3.8.13 (default, Mar 28 2022, 11:38:47) [GCC 7.5.0]
CUDA available: True
GPU 0: NVIDIA GeForce RTX 2080 Ti
CUDA_HOME: /share12/home/zhenni/anaconda3/envs/mmlab1
NVCC: Cuda compilation tools, release 11.7, V11.7.99
GCC: gcc (Ubuntu 7.5.0-3ubuntu1~18.04) 7.5.0
PyTorch: 1.13.1
PyTorch compiling details: PyTorch built with:
  - GCC 9.3
  - C++ Version: 201402
  - Intel(R) oneAPI Math Kernel Library Version 2021.4-Product Build 20210904 for Intel(R) 64 architecture applications
  - Intel(R) MKL-DNN v2.6.0 (Git Hash 52b5f107dd9cf10910aaa19cb47f3abf9b349815)
  - OpenMP 201511 (a.k.a. OpenMP 4.5)
  - LAPACK is enabled (usually provided by MKL)
  - NNPACK is enabled
  - CPU capability usage: AVX2
  - CUDA Runtime 11.7
  - NVCC architecture flags: -gencode;arch=compute_37,code=sm_37;-gencode;arch=compute_50,code=sm_50;-gencode;arch=compute_60,code=sm_60;-gencode;arch=compute_61,code=sm_61;-gencode;arch=compute_70,code=sm_70;-gencode;arch=compute_75,code=sm_75;-gencode;arch=compute_80,code=sm_80;-gencode;arch=compute_86,code=sm_86;-gencode;arch=compute_37,code=compute_37
  - CuDNN 8.5
  - Magma 2.6.1
  - Build settings: BLAS_INFO=mkl, BUILD_TYPE=Release, CUDA_VERSION=11.7, CUDNN_VERSION=8.5.0, CXX_COMPILER=/opt/rh/devtoolset-9/root/usr/bin/c++, CXX_FLAGS= -fabi-version=11 -Wno-deprecated -fvisibility-inlines-hidden -DUSE_PTHREADPOOL -fopenmp -DNDEBUG -DUSE_KINETO -DUSE_FBGEMM -DUSE_QNNPACK -DUSE_PYTORCH_QNNPACK -DUSE_XNNPACK -DSYMBOLICATE_MOBILE_DEBUG_HANDLE -DEDGE_PROFILER_USE_KINETO -O2 -fPIC -Wno-narrowing -Wall -Wextra -Werror=return-type -Werror=non-virtual-dtor -Wno-missing-field-initializers -Wno-type-limits -Wno-array-bounds -Wno-unknown-pragmas -Wunused-local-typedefs -Wno-unused-parameter -Wno-unused-function -Wno-unused-result -Wno-strict-overflow -Wno-strict-aliasing -Wno-error=deprecated-declarations -Wno-stringop-overflow -Wno-psabi -Wno-error=pedantic -Wno-error=redundant-decls -Wno-error=old-style-cast -fdiagnostics-color=always -faligned-new -Wno-unused-but-set-variable -Wno-maybe-uninitialized -fno-math-errno -fno-trapping-math -Werror=format -Werror=cast-function-type -Wno-stringop-overflow, LAPACK_INFO=mkl, PERF_WITH_AVX=1, PERF_WITH_AVX2=1, PERF_WITH_AVX512=1, TORCH_VERSION=1.13.1, USE_CUDA=ON, USE_CUDNN=ON, USE_EXCEPTION_PTR=1, USE_GFLAGS=OFF, USE_GLOG=OFF, USE_MKL=ON, USE_MKLDNN=ON, USE_MPI=OFF, USE_NCCL=ON, USE_NNPACK=ON, USE_OPENMP=ON, USE_ROCM=OFF, 

TorchVision: 0.14.1
OpenCV: 4.7.0
MMCV: 1.7.1
MMCV Compiler: GCC 9.3
MMCV CUDA Compiler: 11.7
MMClassification: 0.25.0+
------------------------------------------------------------

2023-02-04 21:12:33,624 - mmcls - INFO - Distributed training: False
2023-02-04 21:12:33,696 - mmcls - INFO - Config:
model = dict(
    type='ImageClassifier',
    backbone=dict(
        type='ResNet',
        depth=18,
        num_stages=4,
        out_indices=(3, ),
        style='pytorch'),
    neck=dict(type='GlobalAveragePooling'),
    head=dict(
        type='LinearClsHead',
        num_classes=5,
        in_channels=512,
        loss=dict(type='CrossEntropyLoss', loss_weight=1.0),
        topk=(1, )))
data = dict(
    samples_per_gpu=32,
    workers_per_gpu=2,
    train=dict(
        type='CustomDataset',
        data_prefix='data/train',
        ann_file='data/train.txt',
        classes='data/classes.txt',
        pipeline=[
            dict(type='LoadImageFromFile'),
            dict(type='RandomResizedCrop', size=224),
            dict(type='RandomFlip', flip_prob=0.5, direction='horizontal'),
            dict(
                type='Normalize',
                mean=[123.675, 116.28, 103.53],
                std=[58.395, 57.12, 57.375],
                to_rgb=True),
            dict(type='ImageToTensor', keys=['img']),
            dict(type='ToTensor', keys=['gt_label']),
            dict(type='Collect', keys=['img', 'gt_label'])
        ]),
    val=dict(
        type='CustomDataset',
        data_prefix='data/val',
        ann_file='data/val.txt',
        pipeline=[
            dict(type='LoadImageFromFile'),
            dict(type='Resize', size=(256, -1)),
            dict(type='CenterCrop', crop_size=224),
            dict(
                type='Normalize',
                mean=[123.675, 116.28, 103.53],
                std=[58.395, 57.12, 57.375],
                to_rgb=True),
            dict(type='ImageToTensor', keys=['img']),
            dict(type='Collect', keys=['img'])
        ]))
evaluation = dict(interval=1, metric='accuracy')
optimizer = dict(type='SGD', lr=0.001, momentum=0.9, weight_decay=0.0001)
optimizer_config = dict(grad_clip=None)
lr_config = dict(policy='step', step=[1])
runner = dict(type='EpochBasedRunner', max_epochs=10)
checkpoint_config = dict(interval=1)
log_config = dict(interval=2, hooks=[dict(type='TextLoggerHook')])
dist_params = dict(backend='nccl')
log_level = 'INFO'
load_from = 'ckpt/resnet18_8xb32_in1k_20210831-fbbb1da6.pth'
resume_from = None
workflow = [('train', 1)]
work_dir = 'result'
gpu_ids = range(0, 1)

2023-02-04 21:12:33,721 - mmcls - INFO - Set random seed to 1601514661, deterministic: False
2023-02-04 21:12:42,892 - mmcls - INFO - load checkpoint from local path: ckpt/resnet18_8xb32_in1k_20210831-fbbb1da6.pth
2023-02-04 21:12:43,194 - mmcls - WARNING - The model and loaded state dict do not match exactly

size mismatch for head.fc.weight: copying a param with shape torch.Size([1000, 512]) from checkpoint, the shape in current model is torch.Size([5, 512]).
size mismatch for head.fc.bias: copying a param with shape torch.Size([1000]) from checkpoint, the shape in current model is torch.Size([5]).
2023-02-04 21:12:43,195 - mmcls - INFO - Start running, host: zhenni@server-01, work_dir: /share12/home/zhenni/PythonProject/openmmlab-camp/mmcls/result
2023-02-04 21:12:43,195 - mmcls - INFO - Hooks will be executed in the following order:
before_run:
(VERY_HIGH   ) StepLrUpdaterHook                  
(NORMAL      ) CheckpointHook                     
(LOW         ) EvalHook                           
(VERY_LOW    ) TextLoggerHook                     
 -------------------- 
before_train_epoch:
(VERY_HIGH   ) StepLrUpdaterHook                  
(LOW         ) IterTimerHook                      
(LOW         ) EvalHook                           
(VERY_LOW    ) TextLoggerHook                     
 -------------------- 
before_train_iter:
(VERY_HIGH   ) StepLrUpdaterHook                  
(LOW         ) IterTimerHook                      
(LOW         ) EvalHook                           
 -------------------- 
after_train_iter:
(ABOVE_NORMAL) OptimizerHook                      
(NORMAL      ) CheckpointHook                     
(LOW         ) IterTimerHook                      
(LOW         ) EvalHook                           
(VERY_LOW    ) TextLoggerHook                     
 -------------------- 
after_train_epoch:
(NORMAL      ) CheckpointHook                     
(LOW         ) EvalHook                           
(VERY_LOW    ) TextLoggerHook                     
 -------------------- 
before_val_epoch:
(LOW         ) IterTimerHook                      
(VERY_LOW    ) TextLoggerHook                     
 -------------------- 
before_val_iter:
(LOW         ) IterTimerHook                      
 -------------------- 
after_val_iter:
(LOW         ) IterTimerHook                      
 -------------------- 
after_val_epoch:
(VERY_LOW    ) TextLoggerHook                     
 -------------------- 
after_run:
(VERY_LOW    ) TextLoggerHook                     
 -------------------- 
2023-02-04 21:12:43,195 - mmcls - INFO - workflow: [('train', 1)], max: 10 epochs
2023-02-04 21:12:43,195 - mmcls - INFO - Checkpoints will be saved to /share12/home/zhenni/PythonProject/openmmlab-camp/mmcls/result by HardDiskBackend.
2023-02-04 21:13:01,535 - mmcls - INFO - Epoch [1][2/72]	lr: 1.000e-03, eta: 1:49:41, time: 9.167, data_time: 1.625, memory: 874, loss: 1.6344
2023-02-04 21:13:01,738 - mmcls - INFO - Epoch [1][4/72]	lr: 1.000e-03, eta: 0:55:16, time: 0.099, data_time: 0.006, memory: 874, loss: 1.6225
2023-02-04 21:13:01,965 - mmcls - INFO - Epoch [1][6/72]	lr: 1.000e-03, eta: 0:37:11, time: 0.111, data_time: 0.079, memory: 874, loss: 1.6059
2023-02-04 21:13:02,650 - mmcls - INFO - Epoch [1][8/72]	lr: 1.000e-03, eta: 0:28:47, time: 0.331, data_time: 0.182, memory: 874, loss: 1.4689
2023-02-04 21:13:02,923 - mmcls - INFO - Epoch [1][10/72]	lr: 1.000e-03, eta: 0:23:20, time: 0.153, data_time: 0.030, memory: 874, loss: 1.4281
2023-02-04 21:13:03,251 - mmcls - INFO - Epoch [1][12/72]	lr: 1.000e-03, eta: 0:19:43, time: 0.166, data_time: 0.005, memory: 874, loss: 1.3162
2023-02-04 21:13:03,336 - mmcls - INFO - Epoch [1][14/72]	lr: 1.000e-03, eta: 0:16:54, time: 0.036, data_time: 0.001, memory: 874, loss: 1.3029
2023-02-04 21:13:03,597 - mmcls - INFO - Epoch [1][16/72]	lr: 1.000e-03, eta: 0:14:57, time: 0.137, data_time: 0.086, memory: 874, loss: 1.2515
2023-02-04 21:13:04,179 - mmcls - INFO - Epoch [1][18/72]	lr: 1.000e-03, eta: 0:13:38, time: 0.290, data_time: 0.116, memory: 874, loss: 1.1289
2023-02-04 21:13:04,362 - mmcls - INFO - Epoch [1][20/72]	lr: 1.000e-03, eta: 0:12:20, time: 0.089, data_time: 0.006, memory: 874, loss: 1.1238
2023-02-04 21:13:04,677 - mmcls - INFO - Epoch [1][22/72]	lr: 1.000e-03, eta: 0:11:21, time: 0.155, data_time: 0.089, memory: 874, loss: 0.9906
2023-02-04 21:13:04,977 - mmcls - INFO - Epoch [1][24/72]	lr: 1.000e-03, eta: 0:10:31, time: 0.156, data_time: 0.035, memory: 874, loss: 1.0275
2023-02-04 21:13:05,609 - mmcls - INFO - Epoch [1][26/72]	lr: 1.000e-03, eta: 0:09:58, time: 0.314, data_time: 0.117, memory: 874, loss: 0.9426
2023-02-04 21:13:05,811 - mmcls - INFO - Epoch [1][28/72]	lr: 1.000e-03, eta: 0:09:18, time: 0.096, data_time: 0.006, memory: 874, loss: 0.8622
2023-02-04 21:13:05,909 - mmcls - INFO - Epoch [1][30/72]	lr: 1.000e-03, eta: 0:08:41, time: 0.047, data_time: 0.009, memory: 874, loss: 0.8682
2023-02-04 21:13:06,321 - mmcls - INFO - Epoch [1][32/72]	lr: 1.000e-03, eta: 0:08:17, time: 0.213, data_time: 0.053, memory: 874, loss: 0.8043
2023-02-04 21:13:06,807 - mmcls - INFO - Epoch [1][34/72]	lr: 1.000e-03, eta: 0:07:55, time: 0.237, data_time: 0.008, memory: 874, loss: 0.7943
2023-02-04 21:13:07,568 - mmcls - INFO - Epoch [1][36/72]	lr: 1.000e-03, eta: 0:07:42, time: 0.386, data_time: 0.035, memory: 874, loss: 0.5882
2023-02-04 21:13:07,852 - mmcls - INFO - Epoch [1][38/72]	lr: 1.000e-03, eta: 0:07:22, time: 0.141, data_time: 0.010, memory: 874, loss: 0.6544
2023-02-04 21:13:08,333 - mmcls - INFO - Epoch [1][40/72]	lr: 1.000e-03, eta: 0:07:07, time: 0.243, data_time: 0.014, memory: 874, loss: 0.7460
2023-02-04 21:13:08,568 - mmcls - INFO - Epoch [1][42/72]	lr: 1.000e-03, eta: 0:06:49, time: 0.118, data_time: 0.011, memory: 874, loss: 0.7059
2023-02-04 21:13:08,760 - mmcls - INFO - Epoch [1][44/72]	lr: 1.000e-03, eta: 0:06:32, time: 0.094, data_time: 0.002, memory: 874, loss: 0.5906
2023-02-04 21:13:08,986 - mmcls - INFO - Epoch [1][46/72]	lr: 1.000e-03, eta: 0:06:17, time: 0.108, data_time: 0.044, memory: 874, loss: 0.6397
2023-02-04 21:13:09,333 - mmcls - INFO - Epoch [1][48/72]	lr: 1.000e-03, eta: 0:06:05, time: 0.180, data_time: 0.024, memory: 874, loss: 0.6170
2023-02-04 21:13:09,758 - mmcls - INFO - Epoch [1][50/72]	lr: 1.000e-03, eta: 0:05:55, time: 0.212, data_time: 0.052, memory: 874, loss: 0.5918
2023-02-04 21:13:09,968 - mmcls - INFO - Epoch [1][52/72]	lr: 1.000e-03, eta: 0:05:43, time: 0.100, data_time: 0.003, memory: 874, loss: 0.5603
2023-02-04 21:13:10,620 - mmcls - INFO - Epoch [1][54/72]	lr: 1.000e-03, eta: 0:05:37, time: 0.320, data_time: 0.115, memory: 874, loss: 0.5177
2023-02-04 21:13:10,812 - mmcls - INFO - Epoch [1][56/72]	lr: 1.000e-03, eta: 0:05:27, time: 0.106, data_time: 0.027, memory: 874, loss: 0.4536
2023-02-04 21:13:12,186 - mmcls - INFO - Epoch [1][58/72]	lr: 1.000e-03, eta: 0:05:30, time: 0.688, data_time: 0.006, memory: 874, loss: 0.4502
2023-02-04 21:13:12,287 - mmcls - INFO - Epoch [1][60/72]	lr: 1.000e-03, eta: 0:05:19, time: 0.045, data_time: 0.003, memory: 874, loss: 0.5045
2023-02-04 21:13:12,380 - mmcls - INFO - Epoch [1][62/72]	lr: 1.000e-03, eta: 0:05:09, time: 0.050, data_time: 0.008, memory: 874, loss: 0.5458
2023-02-04 21:13:12,946 - mmcls - INFO - Epoch [1][64/72]	lr: 1.000e-03, eta: 0:05:04, time: 0.286, data_time: 0.160, memory: 874, loss: 0.4221
2023-02-04 21:13:13,221 - mmcls - INFO - Epoch [1][66/72]	lr: 1.000e-03, eta: 0:04:57, time: 0.133, data_time: 0.089, memory: 874, loss: 0.3833
2023-02-04 21:13:13,818 - mmcls - INFO - Epoch [1][68/72]	lr: 1.000e-03, eta: 0:04:53, time: 0.300, data_time: 0.076, memory: 874, loss: 0.4075
2023-02-04 21:13:14,126 - mmcls - INFO - Epoch [1][70/72]	lr: 1.000e-03, eta: 0:04:47, time: 0.155, data_time: 0.007, memory: 874, loss: 0.4696
2023-02-04 21:13:14,348 - mmcls - INFO - Epoch [1][72/72]	lr: 1.000e-03, eta: 0:04:40, time: 0.112, data_time: 0.003, memory: 874, loss: 0.5519
2023-02-04 21:13:14,350 - mmcls - INFO - Saving checkpoint at 1 epochs
2023-02-04 21:13:17,877 - mmcls - INFO - Epoch(val) [1][18]	accuracy_top-1: 89.6853, accuracy_top-5: 100.0000
2023-02-04 21:13:20,216 - mmcls - INFO - Epoch [2][2/72]	lr: 1.000e-04, eta: 0:04:52, time: 1.158, data_time: 1.095, memory: 874, loss: 0.4849
2023-02-04 21:13:20,349 - mmcls - INFO - Epoch [2][4/72]	lr: 1.000e-04, eta: 0:04:44, time: 0.075, data_time: 0.022, memory: 874, loss: 0.3441
2023-02-04 21:13:20,460 - mmcls - INFO - Epoch [2][6/72]	lr: 1.000e-04, eta: 0:04:37, time: 0.055, data_time: 0.008, memory: 874, loss: 0.4590
2023-02-04 21:13:20,600 - mmcls - INFO - Epoch [2][8/72]	lr: 1.000e-04, eta: 0:04:30, time: 0.072, data_time: 0.021, memory: 874, loss: 0.3386
2023-02-04 21:13:20,712 - mmcls - INFO - Epoch [2][10/72]	lr: 1.000e-04, eta: 0:04:24, time: 0.056, data_time: 0.007, memory: 874, loss: 0.3091
2023-02-04 21:13:20,971 - mmcls - INFO - Epoch [2][12/72]	lr: 1.000e-04, eta: 0:04:19, time: 0.129, data_time: 0.023, memory: 874, loss: 0.3774
2023-02-04 21:13:21,167 - mmcls - INFO - Epoch [2][14/72]	lr: 1.000e-04, eta: 0:04:13, time: 0.091, data_time: 0.006, memory: 874, loss: 0.2703
2023-02-04 21:13:21,247 - mmcls - INFO - Epoch [2][16/72]	lr: 1.000e-04, eta: 0:04:07, time: 0.040, data_time: 0.009, memory: 874, loss: 0.4046
2023-02-04 21:13:21,335 - mmcls - INFO - Epoch [2][18/72]	lr: 1.000e-04, eta: 0:04:02, time: 0.046, data_time: 0.018, memory: 874, loss: 0.3104
2023-02-04 21:13:21,475 - mmcls - INFO - Epoch [2][20/72]	lr: 1.000e-04, eta: 0:03:57, time: 0.071, data_time: 0.041, memory: 874, loss: 0.3888
2023-02-04 21:13:21,683 - mmcls - INFO - Epoch [2][22/72]	lr: 1.000e-04, eta: 0:03:52, time: 0.107, data_time: 0.047, memory: 874, loss: 0.3311
2023-02-04 21:13:21,835 - mmcls - INFO - Epoch [2][24/72]	lr: 1.000e-04, eta: 0:03:48, time: 0.077, data_time: 0.009, memory: 874, loss: 0.3756
2023-02-04 21:13:21,938 - mmcls - INFO - Epoch [2][26/72]	lr: 1.000e-04, eta: 0:03:43, time: 0.047, data_time: 0.003, memory: 874, loss: 0.3453
2023-02-04 21:13:22,397 - mmcls - INFO - Epoch [2][28/72]	lr: 1.000e-04, eta: 0:03:41, time: 0.235, data_time: 0.072, memory: 874, loss: 0.4612
2023-02-04 21:13:22,522 - mmcls - INFO - Epoch [2][30/72]	lr: 1.000e-04, eta: 0:03:36, time: 0.062, data_time: 0.005, memory: 874, loss: 0.3888
2023-02-04 21:13:22,714 - mmcls - INFO - Epoch [2][32/72]	lr: 1.000e-04, eta: 0:03:33, time: 0.096, data_time: 0.006, memory: 874, loss: 0.4158
2023-02-04 21:13:22,823 - mmcls - INFO - Epoch [2][34/72]	lr: 1.000e-04, eta: 0:03:29, time: 0.055, data_time: 0.003, memory: 874, loss: 0.3426
2023-02-04 21:13:23,046 - mmcls - INFO - Epoch [2][36/72]	lr: 1.000e-04, eta: 0:03:25, time: 0.110, data_time: 0.039, memory: 874, loss: 0.3694
2023-02-04 21:13:23,269 - mmcls - INFO - Epoch [2][38/72]	lr: 1.000e-04, eta: 0:03:22, time: 0.108, data_time: 0.042, memory: 874, loss: 0.5977
2023-02-04 21:13:23,350 - mmcls - INFO - Epoch [2][40/72]	lr: 1.000e-04, eta: 0:03:18, time: 0.041, data_time: 0.007, memory: 874, loss: 0.4435
2023-02-04 21:13:23,541 - mmcls - INFO - Epoch [2][42/72]	lr: 1.000e-04, eta: 0:03:15, time: 0.101, data_time: 0.036, memory: 874, loss: 0.3976
2023-02-04 21:13:23,688 - mmcls - INFO - Epoch [2][44/72]	lr: 1.000e-04, eta: 0:03:12, time: 0.071, data_time: 0.019, memory: 874, loss: 0.3560
2023-02-04 21:13:23,900 - mmcls - INFO - Epoch [2][46/72]	lr: 1.000e-04, eta: 0:03:09, time: 0.108, data_time: 0.005, memory: 874, loss: 0.3339
2023-02-04 21:13:23,992 - mmcls - INFO - Epoch [2][48/72]	lr: 1.000e-04, eta: 0:03:06, time: 0.040, data_time: 0.001, memory: 874, loss: 0.3257
2023-02-04 21:13:24,089 - mmcls - INFO - Epoch [2][50/72]	lr: 1.000e-04, eta: 0:03:03, time: 0.052, data_time: 0.007, memory: 874, loss: 0.4050
2023-02-04 21:13:24,395 - mmcls - INFO - Epoch [2][52/72]	lr: 1.000e-04, eta: 0:03:01, time: 0.154, data_time: 0.006, memory: 874, loss: 0.3463
2023-02-04 21:13:24,538 - mmcls - INFO - Epoch [2][54/72]	lr: 1.000e-04, eta: 0:02:58, time: 0.072, data_time: 0.003, memory: 874, loss: 0.4134
2023-02-04 21:13:24,763 - mmcls - INFO - Epoch [2][56/72]	lr: 1.000e-04, eta: 0:02:55, time: 0.112, data_time: 0.002, memory: 874, loss: 0.3808
2023-02-04 21:13:25,214 - mmcls - INFO - Epoch [2][58/72]	lr: 1.000e-04, eta: 0:02:54, time: 0.223, data_time: 0.004, memory: 874, loss: 0.4879
2023-02-04 21:13:25,498 - mmcls - INFO - Epoch [2][60/72]	lr: 1.000e-04, eta: 0:02:52, time: 0.143, data_time: 0.005, memory: 874, loss: 0.3676
2023-02-04 21:13:25,694 - mmcls - INFO - Epoch [2][62/72]	lr: 1.000e-04, eta: 0:02:50, time: 0.099, data_time: 0.005, memory: 874, loss: 0.4306
2023-02-04 21:13:25,853 - mmcls - INFO - Epoch [2][64/72]	lr: 1.000e-04, eta: 0:02:47, time: 0.080, data_time: 0.003, memory: 874, loss: 0.3984
2023-02-04 21:13:25,985 - mmcls - INFO - Epoch [2][66/72]	lr: 1.000e-04, eta: 0:02:45, time: 0.065, data_time: 0.002, memory: 874, loss: 0.3738
2023-02-04 21:13:26,333 - mmcls - INFO - Epoch [2][68/72]	lr: 1.000e-04, eta: 0:02:44, time: 0.173, data_time: 0.006, memory: 874, loss: 0.2585
2023-02-04 21:13:26,561 - mmcls - INFO - Epoch [2][70/72]	lr: 1.000e-04, eta: 0:02:42, time: 0.103, data_time: 0.005, memory: 874, loss: 0.4129
2023-02-04 21:13:26,728 - mmcls - INFO - Epoch [2][72/72]	lr: 1.000e-04, eta: 0:02:39, time: 0.092, data_time: 0.021, memory: 874, loss: 0.2664
2023-02-04 21:13:26,735 - mmcls - INFO - Saving checkpoint at 2 epochs
2023-02-04 21:13:28,577 - mmcls - INFO - Epoch(val) [2][18]	accuracy_top-1: 93.5315, accuracy_top-5: 100.0000
2023-02-04 21:13:30,834 - mmcls - INFO - Epoch [3][2/72]	lr: 1.000e-04, eta: 0:02:46, time: 1.120, data_time: 1.080, memory: 874, loss: 0.3956
2023-02-04 21:13:31,144 - mmcls - INFO - Epoch [3][4/72]	lr: 1.000e-04, eta: 0:02:44, time: 0.161, data_time: 0.019, memory: 874, loss: 0.3912
2023-02-04 21:13:31,341 - mmcls - INFO - Epoch [3][6/72]	lr: 1.000e-04, eta: 0:02:42, time: 0.098, data_time: 0.005, memory: 874, loss: 0.2238
2023-02-04 21:13:31,443 - mmcls - INFO - Epoch [3][8/72]	lr: 1.000e-04, eta: 0:02:40, time: 0.051, data_time: 0.004, memory: 874, loss: 0.3404
2023-02-04 21:13:31,560 - mmcls - INFO - Epoch [3][10/72]	lr: 1.000e-04, eta: 0:02:37, time: 0.060, data_time: 0.005, memory: 874, loss: 0.4228
2023-02-04 21:13:31,753 - mmcls - INFO - Epoch [3][12/72]	lr: 1.000e-04, eta: 0:02:36, time: 0.096, data_time: 0.002, memory: 874, loss: 0.3100
2023-02-04 21:13:31,927 - mmcls - INFO - Epoch [3][14/72]	lr: 1.000e-04, eta: 0:02:34, time: 0.087, data_time: 0.004, memory: 874, loss: 0.4215
2023-02-04 21:13:32,126 - mmcls - INFO - Epoch [3][16/72]	lr: 1.000e-04, eta: 0:02:32, time: 0.099, data_time: 0.004, memory: 874, loss: 0.3020
2023-02-04 21:13:32,301 - mmcls - INFO - Epoch [3][18/72]	lr: 1.000e-04, eta: 0:02:30, time: 0.087, data_time: 0.003, memory: 874, loss: 0.3690
2023-02-04 21:13:32,721 - mmcls - INFO - Epoch [3][20/72]	lr: 1.000e-04, eta: 0:02:29, time: 0.211, data_time: 0.004, memory: 874, loss: 0.3761
2023-02-04 21:13:32,804 - mmcls - INFO - Epoch [3][22/72]	lr: 1.000e-04, eta: 0:02:27, time: 0.034, data_time: 0.002, memory: 874, loss: 0.3368
2023-02-04 21:13:32,884 - mmcls - INFO - Epoch [3][24/72]	lr: 1.000e-04, eta: 0:02:25, time: 0.044, data_time: 0.008, memory: 874, loss: 0.2227
2023-02-04 21:13:32,978 - mmcls - INFO - Epoch [3][26/72]	lr: 1.000e-04, eta: 0:02:23, time: 0.047, data_time: 0.009, memory: 874, loss: 0.4811
2023-02-04 21:13:33,085 - mmcls - INFO - Epoch [3][28/72]	lr: 1.000e-04, eta: 0:02:21, time: 0.053, data_time: 0.014, memory: 874, loss: 0.3626
2023-02-04 21:13:33,237 - mmcls - INFO - Epoch [3][30/72]	lr: 1.000e-04, eta: 0:02:20, time: 0.079, data_time: 0.020, memory: 874, loss: 0.4640
2023-02-04 21:13:33,325 - mmcls - INFO - Epoch [3][32/72]	lr: 1.000e-04, eta: 0:02:18, time: 0.038, data_time: 0.006, memory: 874, loss: 0.3037
2023-02-04 21:13:33,444 - mmcls - INFO - Epoch [3][34/72]	lr: 1.000e-04, eta: 0:02:16, time: 0.066, data_time: 0.016, memory: 874, loss: 0.3358
2023-02-04 21:13:33,558 - mmcls - INFO - Epoch [3][36/72]	lr: 1.000e-04, eta: 0:02:14, time: 0.057, data_time: 0.008, memory: 874, loss: 0.4312
2023-02-04 21:13:33,736 - mmcls - INFO - Epoch [3][38/72]	lr: 1.000e-04, eta: 0:02:13, time: 0.088, data_time: 0.017, memory: 874, loss: 0.3878
2023-02-04 21:13:33,844 - mmcls - INFO - Epoch [3][40/72]	lr: 1.000e-04, eta: 0:02:11, time: 0.055, data_time: 0.003, memory: 874, loss: 0.3656
2023-02-04 21:13:34,151 - mmcls - INFO - Epoch [3][42/72]	lr: 1.000e-04, eta: 0:02:10, time: 0.153, data_time: 0.029, memory: 874, loss: 0.3850
2023-02-04 21:13:34,263 - mmcls - INFO - Epoch [3][44/72]	lr: 1.000e-04, eta: 0:02:09, time: 0.056, data_time: 0.004, memory: 874, loss: 0.4221
2023-02-04 21:13:34,378 - mmcls - INFO - Epoch [3][46/72]	lr: 1.000e-04, eta: 0:02:07, time: 0.055, data_time: 0.003, memory: 874, loss: 0.6208
2023-02-04 21:13:34,504 - mmcls - INFO - Epoch [3][48/72]	lr: 1.000e-04, eta: 0:02:06, time: 0.064, data_time: 0.006, memory: 874, loss: 0.3140
2023-02-04 21:13:34,620 - mmcls - INFO - Epoch [3][50/72]	lr: 1.000e-04, eta: 0:02:04, time: 0.059, data_time: 0.004, memory: 874, loss: 0.3741
2023-02-04 21:13:34,780 - mmcls - INFO - Epoch [3][52/72]	lr: 1.000e-04, eta: 0:02:03, time: 0.081, data_time: 0.005, memory: 874, loss: 0.3054
2023-02-04 21:13:34,910 - mmcls - INFO - Epoch [3][54/72]	lr: 1.000e-04, eta: 0:02:02, time: 0.060, data_time: 0.002, memory: 874, loss: 0.3509
2023-02-04 21:13:34,992 - mmcls - INFO - Epoch [3][56/72]	lr: 1.000e-04, eta: 0:02:00, time: 0.043, data_time: 0.006, memory: 874, loss: 0.2444
2023-02-04 21:13:35,075 - mmcls - INFO - Epoch [3][58/72]	lr: 1.000e-04, eta: 0:01:59, time: 0.039, data_time: 0.004, memory: 874, loss: 0.5666
2023-02-04 21:13:35,206 - mmcls - INFO - Epoch [3][60/72]	lr: 1.000e-04, eta: 0:01:57, time: 0.065, data_time: 0.036, memory: 874, loss: 0.4095
2023-02-04 21:13:35,420 - mmcls - INFO - Epoch [3][62/72]	lr: 1.000e-04, eta: 0:01:56, time: 0.112, data_time: 0.030, memory: 874, loss: 0.3593
2023-02-04 21:13:35,866 - mmcls - INFO - Epoch [3][64/72]	lr: 1.000e-04, eta: 0:01:56, time: 0.221, data_time: 0.006, memory: 874, loss: 0.4280
2023-02-04 21:13:36,448 - mmcls - INFO - Epoch [3][66/72]	lr: 1.000e-04, eta: 0:01:56, time: 0.293, data_time: 0.015, memory: 874, loss: 0.3226
2023-02-04 21:13:36,722 - mmcls - INFO - Epoch [3][68/72]	lr: 1.000e-04, eta: 0:01:55, time: 0.128, data_time: 0.003, memory: 874, loss: 0.5330
2023-02-04 21:13:36,989 - mmcls - INFO - Epoch [3][70/72]	lr: 1.000e-04, eta: 0:01:54, time: 0.142, data_time: 0.015, memory: 874, loss: 0.4059
2023-02-04 21:13:37,103 - mmcls - INFO - Epoch [3][72/72]	lr: 1.000e-04, eta: 0:01:53, time: 0.057, data_time: 0.003, memory: 874, loss: 0.4901
2023-02-04 21:13:37,105 - mmcls - INFO - Saving checkpoint at 3 epochs
2023-02-04 21:13:38,527 - mmcls - INFO - Epoch(val) [3][18]	accuracy_top-1: 93.3566, accuracy_top-5: 100.0000
2023-02-04 21:13:40,836 - mmcls - INFO - Epoch [4][2/72]	lr: 1.000e-04, eta: 0:01:56, time: 1.150, data_time: 1.093, memory: 874, loss: 0.4506
2023-02-04 21:13:41,023 - mmcls - INFO - Epoch [4][4/72]	lr: 1.000e-04, eta: 0:01:55, time: 0.095, data_time: 0.018, memory: 874, loss: 0.3033
2023-02-04 21:13:41,266 - mmcls - INFO - Epoch [4][6/72]	lr: 1.000e-04, eta: 0:01:54, time: 0.123, data_time: 0.005, memory: 874, loss: 0.3532
2023-02-04 21:13:41,388 - mmcls - INFO - Epoch [4][8/72]	lr: 1.000e-04, eta: 0:01:53, time: 0.061, data_time: 0.001, memory: 874, loss: 0.4148
2023-02-04 21:13:41,752 - mmcls - INFO - Epoch [4][10/72]	lr: 1.000e-04, eta: 0:01:53, time: 0.181, data_time: 0.002, memory: 874, loss: 0.2834
2023-02-04 21:13:42,003 - mmcls - INFO - Epoch [4][12/72]	lr: 1.000e-04, eta: 0:01:52, time: 0.121, data_time: 0.005, memory: 874, loss: 0.3017
2023-02-04 21:13:42,083 - mmcls - INFO - Epoch [4][14/72]	lr: 1.000e-04, eta: 0:01:50, time: 0.040, data_time: 0.006, memory: 874, loss: 0.2969
2023-02-04 21:13:42,234 - mmcls - INFO - Epoch [4][16/72]	lr: 1.000e-04, eta: 0:01:49, time: 0.079, data_time: 0.029, memory: 874, loss: 0.4214
2023-02-04 21:13:42,391 - mmcls - INFO - Epoch [4][18/72]	lr: 1.000e-04, eta: 0:01:48, time: 0.075, data_time: 0.005, memory: 874, loss: 0.2565
2023-02-04 21:13:42,484 - mmcls - INFO - Epoch [4][20/72]	lr: 1.000e-04, eta: 0:01:47, time: 0.048, data_time: 0.006, memory: 874, loss: 0.2598
2023-02-04 21:13:42,699 - mmcls - INFO - Epoch [4][22/72]	lr: 1.000e-04, eta: 0:01:46, time: 0.109, data_time: 0.006, memory: 874, loss: 0.2593
2023-02-04 21:13:42,808 - mmcls - INFO - Epoch [4][24/72]	lr: 1.000e-04, eta: 0:01:45, time: 0.056, data_time: 0.007, memory: 874, loss: 0.3234
2023-02-04 21:13:42,961 - mmcls - INFO - Epoch [4][26/72]	lr: 1.000e-04, eta: 0:01:44, time: 0.076, data_time: 0.002, memory: 874, loss: 0.4232
2023-02-04 21:13:43,124 - mmcls - INFO - Epoch [4][28/72]	lr: 1.000e-04, eta: 0:01:43, time: 0.082, data_time: 0.005, memory: 874, loss: 0.4896
2023-02-04 21:13:43,264 - mmcls - INFO - Epoch [4][30/72]	lr: 1.000e-04, eta: 0:01:42, time: 0.067, data_time: 0.003, memory: 874, loss: 0.2577
2023-02-04 21:13:43,465 - mmcls - INFO - Epoch [4][32/72]	lr: 1.000e-04, eta: 0:01:41, time: 0.102, data_time: 0.006, memory: 874, loss: 0.4035
2023-02-04 21:13:43,796 - mmcls - INFO - Epoch [4][34/72]	lr: 1.000e-04, eta: 0:01:41, time: 0.167, data_time: 0.014, memory: 874, loss: 0.2934
2023-02-04 21:13:43,937 - mmcls - INFO - Epoch [4][36/72]	lr: 1.000e-04, eta: 0:01:40, time: 0.067, data_time: 0.003, memory: 874, loss: 0.4524
2023-02-04 21:13:44,422 - mmcls - INFO - Epoch [4][38/72]	lr: 1.000e-04, eta: 0:01:39, time: 0.246, data_time: 0.011, memory: 874, loss: 0.3220
2023-02-04 21:13:44,677 - mmcls - INFO - Epoch [4][40/72]	lr: 1.000e-04, eta: 0:01:39, time: 0.126, data_time: 0.005, memory: 874, loss: 0.3908
2023-02-04 21:13:44,967 - mmcls - INFO - Epoch [4][42/72]	lr: 1.000e-04, eta: 0:01:38, time: 0.147, data_time: 0.006, memory: 874, loss: 0.2758
2023-02-04 21:13:45,802 - mmcls - INFO - Epoch [4][44/72]	lr: 1.000e-04, eta: 0:01:38, time: 0.417, data_time: 0.008, memory: 874, loss: 0.2886
2023-02-04 21:13:45,980 - mmcls - INFO - Epoch [4][46/72]	lr: 1.000e-04, eta: 0:01:37, time: 0.090, data_time: 0.005, memory: 874, loss: 0.5327
2023-02-04 21:13:46,145 - mmcls - INFO - Epoch [4][48/72]	lr: 1.000e-04, eta: 0:01:36, time: 0.081, data_time: 0.003, memory: 874, loss: 0.3464
2023-02-04 21:13:46,280 - mmcls - INFO - Epoch [4][50/72]	lr: 1.000e-04, eta: 0:01:36, time: 0.069, data_time: 0.005, memory: 874, loss: 0.3506
2023-02-04 21:13:46,440 - mmcls - INFO - Epoch [4][52/72]	lr: 1.000e-04, eta: 0:01:35, time: 0.076, data_time: 0.003, memory: 874, loss: 0.3976
2023-02-04 21:13:46,667 - mmcls - INFO - Epoch [4][54/72]	lr: 1.000e-04, eta: 0:01:34, time: 0.117, data_time: 0.006, memory: 874, loss: 0.3001
2023-02-04 21:13:47,038 - mmcls - INFO - Epoch [4][56/72]	lr: 1.000e-04, eta: 0:01:33, time: 0.181, data_time: 0.004, memory: 874, loss: 0.4405
2023-02-04 21:13:47,213 - mmcls - INFO - Epoch [4][58/72]	lr: 1.000e-04, eta: 0:01:33, time: 0.087, data_time: 0.008, memory: 874, loss: 0.3288
2023-02-04 21:13:47,300 - mmcls - INFO - Epoch [4][60/72]	lr: 1.000e-04, eta: 0:01:32, time: 0.046, data_time: 0.008, memory: 874, loss: 0.3204
2023-02-04 21:13:47,399 - mmcls - INFO - Epoch [4][62/72]	lr: 1.000e-04, eta: 0:01:31, time: 0.051, data_time: 0.005, memory: 874, loss: 0.3331
2023-02-04 21:13:47,658 - mmcls - INFO - Epoch [4][64/72]	lr: 1.000e-04, eta: 0:01:30, time: 0.131, data_time: 0.005, memory: 874, loss: 0.3895
2023-02-04 21:13:47,893 - mmcls - INFO - Epoch [4][66/72]	lr: 1.000e-04, eta: 0:01:29, time: 0.118, data_time: 0.003, memory: 874, loss: 0.3807
2023-02-04 21:13:48,200 - mmcls - INFO - Epoch [4][68/72]	lr: 1.000e-04, eta: 0:01:29, time: 0.153, data_time: 0.001, memory: 874, loss: 0.3904
2023-02-04 21:13:48,410 - mmcls - INFO - Epoch [4][70/72]	lr: 1.000e-04, eta: 0:01:28, time: 0.105, data_time: 0.003, memory: 874, loss: 0.3266
2023-02-04 21:13:48,722 - mmcls - INFO - Epoch [4][72/72]	lr: 1.000e-04, eta: 0:01:28, time: 0.156, data_time: 0.005, memory: 874, loss: 0.4769
2023-02-04 21:13:48,723 - mmcls - INFO - Saving checkpoint at 4 epochs
2023-02-04 21:13:51,040 - mmcls - INFO - Epoch(val) [4][18]	accuracy_top-1: 92.8322, accuracy_top-5: 100.0000
2023-02-04 21:13:53,533 - mmcls - INFO - Epoch [5][2/72]	lr: 1.000e-04, eta: 0:01:30, time: 1.235, data_time: 1.086, memory: 874, loss: 0.3846
2023-02-04 21:13:53,698 - mmcls - INFO - Epoch [5][4/72]	lr: 1.000e-04, eta: 0:01:29, time: 0.083, data_time: 0.009, memory: 874, loss: 0.2471
2023-02-04 21:13:53,835 - mmcls - INFO - Epoch [5][6/72]	lr: 1.000e-04, eta: 0:01:29, time: 0.065, data_time: 0.002, memory: 874, loss: 0.2702
2023-02-04 21:13:54,150 - mmcls - INFO - Epoch [5][8/72]	lr: 1.000e-04, eta: 0:01:28, time: 0.159, data_time: 0.008, memory: 874, loss: 0.2789
2023-02-04 21:13:55,209 - mmcls - INFO - Epoch [5][10/72]	lr: 1.000e-04, eta: 0:01:28, time: 0.526, data_time: 0.009, memory: 874, loss: 0.2839
2023-02-04 21:13:56,237 - mmcls - INFO - Epoch [5][12/72]	lr: 1.000e-04, eta: 0:01:29, time: 0.507, data_time: 0.016, memory: 874, loss: 0.3170
2023-02-04 21:13:56,604 - mmcls - INFO - Epoch [5][14/72]	lr: 1.000e-04, eta: 0:01:28, time: 0.196, data_time: 0.030, memory: 874, loss: 0.3262
2023-02-04 21:13:56,910 - mmcls - INFO - Epoch [5][16/72]	lr: 1.000e-04, eta: 0:01:28, time: 0.153, data_time: 0.004, memory: 874, loss: 0.4061
2023-02-04 21:13:57,063 - mmcls - INFO - Epoch [5][18/72]	lr: 1.000e-04, eta: 0:01:27, time: 0.076, data_time: 0.003, memory: 874, loss: 0.3145
2023-02-04 21:13:57,307 - mmcls - INFO - Epoch [5][20/72]	lr: 1.000e-04, eta: 0:01:26, time: 0.116, data_time: 0.004, memory: 874, loss: 0.3119
2023-02-04 21:13:57,424 - mmcls - INFO - Epoch [5][22/72]	lr: 1.000e-04, eta: 0:01:26, time: 0.065, data_time: 0.009, memory: 874, loss: 0.3760
2023-02-04 21:13:57,660 - mmcls - INFO - Epoch [5][24/72]	lr: 1.000e-04, eta: 0:01:25, time: 0.116, data_time: 0.002, memory: 874, loss: 0.4151
2023-02-04 21:13:58,063 - mmcls - INFO - Epoch [5][26/72]	lr: 1.000e-04, eta: 0:01:24, time: 0.201, data_time: 0.007, memory: 874, loss: 0.3702
2023-02-04 21:13:58,188 - mmcls - INFO - Epoch [5][28/72]	lr: 1.000e-04, eta: 0:01:24, time: 0.058, data_time: 0.004, memory: 874, loss: 0.3403
2023-02-04 21:13:58,272 - mmcls - INFO - Epoch [5][30/72]	lr: 1.000e-04, eta: 0:01:23, time: 0.044, data_time: 0.007, memory: 874, loss: 0.3327
2023-02-04 21:13:58,362 - mmcls - INFO - Epoch [5][32/72]	lr: 1.000e-04, eta: 0:01:22, time: 0.044, data_time: 0.006, memory: 874, loss: 0.3122
2023-02-04 21:13:58,559 - mmcls - INFO - Epoch [5][34/72]	lr: 1.000e-04, eta: 0:01:21, time: 0.102, data_time: 0.007, memory: 874, loss: 0.2146
2023-02-04 21:13:58,704 - mmcls - INFO - Epoch [5][36/72]	lr: 1.000e-04, eta: 0:01:21, time: 0.073, data_time: 0.003, memory: 874, loss: 0.5654
2023-02-04 21:13:58,833 - mmcls - INFO - Epoch [5][38/72]	lr: 1.000e-04, eta: 0:01:20, time: 0.062, data_time: 0.006, memory: 874, loss: 0.3768
2023-02-04 21:13:58,924 - mmcls - INFO - Epoch [5][40/72]	lr: 1.000e-04, eta: 0:01:19, time: 0.043, data_time: 0.004, memory: 874, loss: 0.2451
2023-02-04 21:13:59,006 - mmcls - INFO - Epoch [5][42/72]	lr: 1.000e-04, eta: 0:01:18, time: 0.042, data_time: 0.008, memory: 874, loss: 0.3115
2023-02-04 21:13:59,235 - mmcls - INFO - Epoch [5][44/72]	lr: 1.000e-04, eta: 0:01:18, time: 0.116, data_time: 0.010, memory: 874, loss: 0.3864
2023-02-04 21:13:59,315 - mmcls - INFO - Epoch [5][46/72]	lr: 1.000e-04, eta: 0:01:17, time: 0.037, data_time: 0.004, memory: 874, loss: 0.4951
2023-02-04 21:13:59,402 - mmcls - INFO - Epoch [5][48/72]	lr: 1.000e-04, eta: 0:01:16, time: 0.045, data_time: 0.008, memory: 874, loss: 0.3688
2023-02-04 21:13:59,612 - mmcls - INFO - Epoch [5][50/72]	lr: 1.000e-04, eta: 0:01:15, time: 0.109, data_time: 0.040, memory: 874, loss: 0.4207
2023-02-04 21:13:59,778 - mmcls - INFO - Epoch [5][52/72]	lr: 1.000e-04, eta: 0:01:15, time: 0.083, data_time: 0.004, memory: 874, loss: 0.3574
2023-02-04 21:14:00,049 - mmcls - INFO - Epoch [5][54/72]	lr: 1.000e-04, eta: 0:01:14, time: 0.136, data_time: 0.008, memory: 874, loss: 0.3130
2023-02-04 21:14:00,166 - mmcls - INFO - Epoch [5][56/72]	lr: 1.000e-04, eta: 0:01:14, time: 0.057, data_time: 0.003, memory: 874, loss: 0.4000
2023-02-04 21:14:00,259 - mmcls - INFO - Epoch [5][58/72]	lr: 1.000e-04, eta: 0:01:13, time: 0.046, data_time: 0.004, memory: 874, loss: 0.2765
2023-02-04 21:14:00,446 - mmcls - INFO - Epoch [5][60/72]	lr: 1.000e-04, eta: 0:01:12, time: 0.095, data_time: 0.006, memory: 874, loss: 0.3856
2023-02-04 21:14:00,574 - mmcls - INFO - Epoch [5][62/72]	lr: 1.000e-04, eta: 0:01:12, time: 0.066, data_time: 0.003, memory: 874, loss: 0.3115
2023-02-04 21:14:00,754 - mmcls - INFO - Epoch [5][64/72]	lr: 1.000e-04, eta: 0:01:11, time: 0.090, data_time: 0.002, memory: 874, loss: 0.3208
2023-02-04 21:14:01,034 - mmcls - INFO - Epoch [5][66/72]	lr: 1.000e-04, eta: 0:01:10, time: 0.136, data_time: 0.003, memory: 874, loss: 0.3331
2023-02-04 21:14:01,117 - mmcls - INFO - Epoch [5][68/72]	lr: 1.000e-04, eta: 0:01:10, time: 0.042, data_time: 0.006, memory: 874, loss: 0.3043
2023-02-04 21:14:01,200 - mmcls - INFO - Epoch [5][70/72]	lr: 1.000e-04, eta: 0:01:09, time: 0.041, data_time: 0.005, memory: 874, loss: 0.2755
2023-02-04 21:14:01,271 - mmcls - INFO - Epoch [5][72/72]	lr: 1.000e-04, eta: 0:01:08, time: 0.040, data_time: 0.006, memory: 874, loss: 0.4692
2023-02-04 21:14:01,272 - mmcls - INFO - Saving checkpoint at 5 epochs
2023-02-04 21:14:02,935 - mmcls - INFO - Epoch(val) [5][18]	accuracy_top-1: 94.2308, accuracy_top-5: 100.0000
2023-02-04 21:14:05,346 - mmcls - INFO - Epoch [6][2/72]	lr: 1.000e-04, eta: 0:01:10, time: 1.193, data_time: 1.077, memory: 874, loss: 0.3090
2023-02-04 21:14:05,687 - mmcls - INFO - Epoch [6][4/72]	lr: 1.000e-04, eta: 0:01:10, time: 0.161, data_time: 0.006, memory: 874, loss: 0.3542
2023-02-04 21:14:06,132 - mmcls - INFO - Epoch [6][6/72]	lr: 1.000e-04, eta: 0:01:09, time: 0.231, data_time: 0.026, memory: 874, loss: 0.3768
2023-02-04 21:14:06,250 - mmcls - INFO - Epoch [6][8/72]	lr: 1.000e-04, eta: 0:01:09, time: 0.060, data_time: 0.006, memory: 874, loss: 0.2584
2023-02-04 21:14:06,470 - mmcls - INFO - Epoch [6][10/72]	lr: 1.000e-04, eta: 0:01:08, time: 0.106, data_time: 0.006, memory: 874, loss: 0.2300
2023-02-04 21:14:06,630 - mmcls - INFO - Epoch [6][12/72]	lr: 1.000e-04, eta: 0:01:07, time: 0.085, data_time: 0.006, memory: 874, loss: 0.3464
2023-02-04 21:14:06,747 - mmcls - INFO - Epoch [6][14/72]	lr: 1.000e-04, eta: 0:01:07, time: 0.058, data_time: 0.002, memory: 874, loss: 0.3052
2023-02-04 21:14:06,835 - mmcls - INFO - Epoch [6][16/72]	lr: 1.000e-04, eta: 0:01:06, time: 0.042, data_time: 0.002, memory: 874, loss: 0.3789
2023-02-04 21:14:07,399 - mmcls - INFO - Epoch [6][18/72]	lr: 1.000e-04, eta: 0:01:06, time: 0.284, data_time: 0.007, memory: 874, loss: 0.4032
2023-02-04 21:14:07,530 - mmcls - INFO - Epoch [6][20/72]	lr: 1.000e-04, eta: 0:01:05, time: 0.065, data_time: 0.002, memory: 874, loss: 0.2395
2023-02-04 21:14:07,761 - mmcls - INFO - Epoch [6][22/72]	lr: 1.000e-04, eta: 0:01:05, time: 0.115, data_time: 0.003, memory: 874, loss: 0.4253
2023-02-04 21:14:08,069 - mmcls - INFO - Epoch [6][24/72]	lr: 1.000e-04, eta: 0:01:04, time: 0.155, data_time: 0.007, memory: 874, loss: 0.2974
2023-02-04 21:14:08,238 - mmcls - INFO - Epoch [6][26/72]	lr: 1.000e-04, eta: 0:01:04, time: 0.085, data_time: 0.002, memory: 874, loss: 0.3989
2023-02-04 21:14:08,330 - mmcls - INFO - Epoch [6][28/72]	lr: 1.000e-04, eta: 0:01:03, time: 0.041, data_time: 0.001, memory: 874, loss: 0.2897
2023-02-04 21:14:08,428 - mmcls - INFO - Epoch [6][30/72]	lr: 1.000e-04, eta: 0:01:02, time: 0.052, data_time: 0.005, memory: 874, loss: 0.2378
2023-02-04 21:14:08,537 - mmcls - INFO - Epoch [6][32/72]	lr: 1.000e-04, eta: 0:01:02, time: 0.056, data_time: 0.003, memory: 874, loss: 0.3318
2023-02-04 21:14:08,835 - mmcls - INFO - Epoch [6][34/72]	lr: 1.000e-04, eta: 0:01:01, time: 0.149, data_time: 0.007, memory: 874, loss: 0.2130
2023-02-04 21:14:09,210 - mmcls - INFO - Epoch [6][36/72]	lr: 1.000e-04, eta: 0:01:01, time: 0.188, data_time: 0.003, memory: 874, loss: 0.3557
2023-02-04 21:14:09,325 - mmcls - INFO - Epoch [6][38/72]	lr: 1.000e-04, eta: 0:01:00, time: 0.053, data_time: 0.001, memory: 874, loss: 0.3585
2023-02-04 21:14:09,408 - mmcls - INFO - Epoch [6][40/72]	lr: 1.000e-04, eta: 0:01:00, time: 0.041, data_time: 0.005, memory: 874, loss: 0.2584
2023-02-04 21:14:09,488 - mmcls - INFO - Epoch [6][42/72]	lr: 1.000e-04, eta: 0:00:59, time: 0.040, data_time: 0.006, memory: 874, loss: 0.3110
2023-02-04 21:14:09,661 - mmcls - INFO - Epoch [6][44/72]	lr: 1.000e-04, eta: 0:00:59, time: 0.086, data_time: 0.032, memory: 874, loss: 0.2205
2023-02-04 21:14:09,787 - mmcls - INFO - Epoch [6][46/72]	lr: 1.000e-04, eta: 0:00:58, time: 0.064, data_time: 0.005, memory: 874, loss: 0.2098
2023-02-04 21:14:09,970 - mmcls - INFO - Epoch [6][48/72]	lr: 1.000e-04, eta: 0:00:58, time: 0.093, data_time: 0.005, memory: 874, loss: 0.3098
2023-02-04 21:14:10,520 - mmcls - INFO - Epoch [6][50/72]	lr: 1.000e-04, eta: 0:00:57, time: 0.276, data_time: 0.007, memory: 874, loss: 0.3895
2023-02-04 21:14:10,615 - mmcls - INFO - Epoch [6][52/72]	lr: 1.000e-04, eta: 0:00:57, time: 0.046, data_time: 0.002, memory: 874, loss: 0.3164
2023-02-04 21:14:10,884 - mmcls - INFO - Epoch [6][54/72]	lr: 1.000e-04, eta: 0:00:56, time: 0.136, data_time: 0.005, memory: 874, loss: 0.2662
2023-02-04 21:14:10,966 - mmcls - INFO - Epoch [6][56/72]	lr: 1.000e-04, eta: 0:00:56, time: 0.038, data_time: 0.002, memory: 874, loss: 0.3405
2023-02-04 21:14:11,109 - mmcls - INFO - Epoch [6][58/72]	lr: 1.000e-04, eta: 0:00:55, time: 0.074, data_time: 0.006, memory: 874, loss: 0.2882
2023-02-04 21:14:11,240 - mmcls - INFO - Epoch [6][60/72]	lr: 1.000e-04, eta: 0:00:55, time: 0.066, data_time: 0.002, memory: 874, loss: 0.5175
2023-02-04 21:14:11,613 - mmcls - INFO - Epoch [6][62/72]	lr: 1.000e-04, eta: 0:00:54, time: 0.183, data_time: 0.003, memory: 874, loss: 0.3128
2023-02-04 21:14:11,776 - mmcls - INFO - Epoch [6][64/72]	lr: 1.000e-04, eta: 0:00:54, time: 0.084, data_time: 0.007, memory: 874, loss: 0.3094
2023-02-04 21:14:11,924 - mmcls - INFO - Epoch [6][66/72]	lr: 1.000e-04, eta: 0:00:53, time: 0.074, data_time: 0.005, memory: 874, loss: 0.3379
2023-02-04 21:14:12,119 - mmcls - INFO - Epoch [6][68/72]	lr: 1.000e-04, eta: 0:00:53, time: 0.097, data_time: 0.003, memory: 874, loss: 0.2946
2023-02-04 21:14:12,412 - mmcls - INFO - Epoch [6][70/72]	lr: 1.000e-04, eta: 0:00:52, time: 0.147, data_time: 0.003, memory: 874, loss: 0.3122
2023-02-04 21:14:12,684 - mmcls - INFO - Epoch [6][72/72]	lr: 1.000e-04, eta: 0:00:52, time: 0.137, data_time: 0.002, memory: 874, loss: 0.3741
2023-02-04 21:14:12,685 - mmcls - INFO - Saving checkpoint at 6 epochs
2023-02-04 21:14:14,319 - mmcls - INFO - Epoch(val) [6][18]	accuracy_top-1: 93.5315, accuracy_top-5: 100.0000
2023-02-04 21:14:16,586 - mmcls - INFO - Epoch [7][2/72]	lr: 1.000e-04, eta: 0:00:53, time: 1.127, data_time: 1.084, memory: 874, loss: 0.3116
2023-02-04 21:14:16,939 - mmcls - INFO - Epoch [7][4/72]	lr: 1.000e-04, eta: 0:00:52, time: 0.181, data_time: 0.061, memory: 874, loss: 0.2514
2023-02-04 21:14:17,207 - mmcls - INFO - Epoch [7][6/72]	lr: 1.000e-04, eta: 0:00:52, time: 0.133, data_time: 0.002, memory: 874, loss: 0.2207
2023-02-04 21:14:17,400 - mmcls - INFO - Epoch [7][8/72]	lr: 1.000e-04, eta: 0:00:51, time: 0.098, data_time: 0.005, memory: 874, loss: 0.2973
2023-02-04 21:14:17,517 - mmcls - INFO - Epoch [7][10/72]	lr: 1.000e-04, eta: 0:00:51, time: 0.052, data_time: 0.001, memory: 874, loss: 0.3037
2023-02-04 21:14:17,719 - mmcls - INFO - Epoch [7][12/72]	lr: 1.000e-04, eta: 0:00:50, time: 0.107, data_time: 0.008, memory: 874, loss: 0.3585
2023-02-04 21:14:17,826 - mmcls - INFO - Epoch [7][14/72]	lr: 1.000e-04, eta: 0:00:50, time: 0.046, data_time: 0.002, memory: 874, loss: 0.2494
2023-02-04 21:14:17,939 - mmcls - INFO - Epoch [7][16/72]	lr: 1.000e-04, eta: 0:00:49, time: 0.056, data_time: 0.017, memory: 874, loss: 0.3361
2023-02-04 21:14:18,030 - mmcls - INFO - Epoch [7][18/72]	lr: 1.000e-04, eta: 0:00:49, time: 0.054, data_time: 0.010, memory: 874, loss: 0.2775
2023-02-04 21:14:18,152 - mmcls - INFO - Epoch [7][20/72]	lr: 1.000e-04, eta: 0:00:48, time: 0.061, data_time: 0.001, memory: 874, loss: 0.3066
2023-02-04 21:14:18,248 - mmcls - INFO - Epoch [7][22/72]	lr: 1.000e-04, eta: 0:00:48, time: 0.047, data_time: 0.002, memory: 874, loss: 0.3403
2023-02-04 21:14:18,349 - mmcls - INFO - Epoch [7][24/72]	lr: 1.000e-04, eta: 0:00:47, time: 0.051, data_time: 0.002, memory: 874, loss: 0.2873
2023-02-04 21:14:18,523 - mmcls - INFO - Epoch [7][26/72]	lr: 1.000e-04, eta: 0:00:47, time: 0.087, data_time: 0.024, memory: 874, loss: 0.3619
2023-02-04 21:14:18,607 - mmcls - INFO - Epoch [7][28/72]	lr: 1.000e-04, eta: 0:00:46, time: 0.035, data_time: 0.003, memory: 874, loss: 0.3220
2023-02-04 21:14:18,870 - mmcls - INFO - Epoch [7][30/72]	lr: 1.000e-04, eta: 0:00:46, time: 0.133, data_time: 0.040, memory: 874, loss: 0.2624
2023-02-04 21:14:19,056 - mmcls - INFO - Epoch [7][32/72]	lr: 1.000e-04, eta: 0:00:45, time: 0.095, data_time: 0.007, memory: 874, loss: 0.3875
2023-02-04 21:14:19,331 - mmcls - INFO - Epoch [7][34/72]	lr: 1.000e-04, eta: 0:00:45, time: 0.140, data_time: 0.010, memory: 874, loss: 0.1853
2023-02-04 21:14:19,489 - mmcls - INFO - Epoch [7][36/72]	lr: 1.000e-04, eta: 0:00:45, time: 0.079, data_time: 0.004, memory: 874, loss: 0.3518
2023-02-04 21:14:19,684 - mmcls - INFO - Epoch [7][38/72]	lr: 1.000e-04, eta: 0:00:44, time: 0.092, data_time: 0.002, memory: 874, loss: 0.2660
2023-02-04 21:14:20,367 - mmcls - INFO - Epoch [7][40/72]	lr: 1.000e-04, eta: 0:00:44, time: 0.347, data_time: 0.031, memory: 874, loss: 0.2639
2023-02-04 21:14:20,458 - mmcls - INFO - Epoch [7][42/72]	lr: 1.000e-04, eta: 0:00:43, time: 0.041, data_time: 0.001, memory: 874, loss: 0.1955
2023-02-04 21:14:20,550 - mmcls - INFO - Epoch [7][44/72]	lr: 1.000e-04, eta: 0:00:43, time: 0.043, data_time: 0.007, memory: 874, loss: 0.3078
2023-02-04 21:14:20,636 - mmcls - INFO - Epoch [7][46/72]	lr: 1.000e-04, eta: 0:00:43, time: 0.050, data_time: 0.009, memory: 874, loss: 0.3433
2023-02-04 21:14:20,841 - mmcls - INFO - Epoch [7][48/72]	lr: 1.000e-04, eta: 0:00:42, time: 0.096, data_time: 0.004, memory: 874, loss: 0.2980
2023-02-04 21:14:20,979 - mmcls - INFO - Epoch [7][50/72]	lr: 1.000e-04, eta: 0:00:42, time: 0.076, data_time: 0.009, memory: 874, loss: 0.3813
2023-02-04 21:14:21,129 - mmcls - INFO - Epoch [7][52/72]	lr: 1.000e-04, eta: 0:00:41, time: 0.070, data_time: 0.003, memory: 874, loss: 0.3159
2023-02-04 21:14:21,361 - mmcls - INFO - Epoch [7][54/72]	lr: 1.000e-04, eta: 0:00:41, time: 0.118, data_time: 0.008, memory: 874, loss: 0.3064
2023-02-04 21:14:21,566 - mmcls - INFO - Epoch [7][56/72]	lr: 1.000e-04, eta: 0:00:40, time: 0.104, data_time: 0.009, memory: 874, loss: 0.3241
2023-02-04 21:14:22,048 - mmcls - INFO - Epoch [7][58/72]	lr: 1.000e-04, eta: 0:00:40, time: 0.242, data_time: 0.004, memory: 874, loss: 0.2577
2023-02-04 21:14:22,262 - mmcls - INFO - Epoch [7][60/72]	lr: 1.000e-04, eta: 0:00:40, time: 0.107, data_time: 0.004, memory: 874, loss: 0.3098
2023-02-04 21:14:22,611 - mmcls - INFO - Epoch [7][62/72]	lr: 1.000e-04, eta: 0:00:39, time: 0.174, data_time: 0.002, memory: 874, loss: 0.3586
2023-02-04 21:14:22,934 - mmcls - INFO - Epoch [7][64/72]	lr: 1.000e-04, eta: 0:00:39, time: 0.160, data_time: 0.003, memory: 874, loss: 0.3408
2023-02-04 21:14:23,217 - mmcls - INFO - Epoch [7][66/72]	lr: 1.000e-04, eta: 0:00:39, time: 0.138, data_time: 0.008, memory: 874, loss: 0.5412
2023-02-04 21:14:23,385 - mmcls - INFO - Epoch [7][68/72]	lr: 1.000e-04, eta: 0:00:38, time: 0.088, data_time: 0.008, memory: 874, loss: 0.2504
2023-02-04 21:14:23,585 - mmcls - INFO - Epoch [7][70/72]	lr: 1.000e-04, eta: 0:00:38, time: 0.102, data_time: 0.003, memory: 874, loss: 0.3683
2023-02-04 21:14:23,875 - mmcls - INFO - Epoch [7][72/72]	lr: 1.000e-04, eta: 0:00:37, time: 0.144, data_time: 0.002, memory: 874, loss: 0.3839
2023-02-04 21:14:23,878 - mmcls - INFO - Saving checkpoint at 7 epochs
2023-02-04 21:14:26,044 - mmcls - INFO - Epoch(val) [7][18]	accuracy_top-1: 93.8811, accuracy_top-5: 100.0000
2023-02-04 21:14:28,413 - mmcls - INFO - Epoch [8][2/72]	lr: 1.000e-04, eta: 0:00:38, time: 1.174, data_time: 1.114, memory: 874, loss: 0.3805
2023-02-04 21:14:28,520 - mmcls - INFO - Epoch [8][4/72]	lr: 1.000e-04, eta: 0:00:37, time: 0.055, data_time: 0.011, memory: 874, loss: 0.2443
2023-02-04 21:14:28,658 - mmcls - INFO - Epoch [8][6/72]	lr: 1.000e-04, eta: 0:00:37, time: 0.072, data_time: 0.016, memory: 874, loss: 0.2540
2023-02-04 21:14:28,795 - mmcls - INFO - Epoch [8][8/72]	lr: 1.000e-04, eta: 0:00:36, time: 0.069, data_time: 0.009, memory: 874, loss: 0.3166
2023-02-04 21:14:28,947 - mmcls - INFO - Epoch [8][10/72]	lr: 1.000e-04, eta: 0:00:36, time: 0.073, data_time: 0.002, memory: 874, loss: 0.3305
2023-02-04 21:14:29,518 - mmcls - INFO - Epoch [8][12/72]	lr: 1.000e-04, eta: 0:00:36, time: 0.285, data_time: 0.008, memory: 874, loss: 0.2620
2023-02-04 21:14:29,767 - mmcls - INFO - Epoch [8][14/72]	lr: 1.000e-04, eta: 0:00:35, time: 0.128, data_time: 0.009, memory: 874, loss: 0.3564
2023-02-04 21:14:30,059 - mmcls - INFO - Epoch [8][16/72]	lr: 1.000e-04, eta: 0:00:35, time: 0.145, data_time: 0.002, memory: 874, loss: 0.3314
2023-02-04 21:14:30,378 - mmcls - INFO - Epoch [8][18/72]	lr: 1.000e-04, eta: 0:00:35, time: 0.158, data_time: 0.006, memory: 874, loss: 0.2765
2023-02-04 21:14:30,694 - mmcls - INFO - Epoch [8][20/72]	lr: 1.000e-04, eta: 0:00:34, time: 0.159, data_time: 0.013, memory: 874, loss: 0.2407
2023-02-04 21:14:30,856 - mmcls - INFO - Epoch [8][22/72]	lr: 1.000e-04, eta: 0:00:34, time: 0.075, data_time: 0.007, memory: 874, loss: 0.3005
2023-02-04 21:14:31,067 - mmcls - INFO - Epoch [8][24/72]	lr: 1.000e-04, eta: 0:00:33, time: 0.112, data_time: 0.010, memory: 874, loss: 0.2529
2023-02-04 21:14:31,154 - mmcls - INFO - Epoch [8][26/72]	lr: 1.000e-04, eta: 0:00:33, time: 0.038, data_time: 0.002, memory: 874, loss: 0.3623
2023-02-04 21:14:31,252 - mmcls - INFO - Epoch [8][28/72]	lr: 1.000e-04, eta: 0:00:32, time: 0.049, data_time: 0.009, memory: 874, loss: 0.3595
2023-02-04 21:14:31,336 - mmcls - INFO - Epoch [8][30/72]	lr: 1.000e-04, eta: 0:00:32, time: 0.043, data_time: 0.007, memory: 874, loss: 0.3675
2023-02-04 21:14:31,555 - mmcls - INFO - Epoch [8][32/72]	lr: 1.000e-04, eta: 0:00:32, time: 0.115, data_time: 0.050, memory: 874, loss: 0.1974
2023-02-04 21:14:31,668 - mmcls - INFO - Epoch [8][34/72]	lr: 1.000e-04, eta: 0:00:31, time: 0.056, data_time: 0.003, memory: 874, loss: 0.3669
2023-02-04 21:14:31,874 - mmcls - INFO - Epoch [8][36/72]	lr: 1.000e-04, eta: 0:00:31, time: 0.103, data_time: 0.003, memory: 874, loss: 0.3405
2023-02-04 21:14:32,140 - mmcls - INFO - Epoch [8][38/72]	lr: 1.000e-04, eta: 0:00:30, time: 0.134, data_time: 0.008, memory: 874, loss: 0.3482
2023-02-04 21:14:32,241 - mmcls - INFO - Epoch [8][40/72]	lr: 1.000e-04, eta: 0:00:30, time: 0.048, data_time: 0.002, memory: 874, loss: 0.4175
2023-02-04 21:14:32,340 - mmcls - INFO - Epoch [8][42/72]	lr: 1.000e-04, eta: 0:00:30, time: 0.051, data_time: 0.005, memory: 874, loss: 0.2816
2023-02-04 21:14:32,485 - mmcls - INFO - Epoch [8][44/72]	lr: 1.000e-04, eta: 0:00:29, time: 0.073, data_time: 0.005, memory: 874, loss: 0.3566
2023-02-04 21:14:32,680 - mmcls - INFO - Epoch [8][46/72]	lr: 1.000e-04, eta: 0:00:29, time: 0.093, data_time: 0.006, memory: 874, loss: 0.2571
2023-02-04 21:14:32,997 - mmcls - INFO - Epoch [8][48/72]	lr: 1.000e-04, eta: 0:00:28, time: 0.163, data_time: 0.017, memory: 874, loss: 0.2109
2023-02-04 21:14:33,102 - mmcls - INFO - Epoch [8][50/72]	lr: 1.000e-04, eta: 0:00:28, time: 0.051, data_time: 0.003, memory: 874, loss: 0.2610
2023-02-04 21:14:33,276 - mmcls - INFO - Epoch [8][52/72]	lr: 1.000e-04, eta: 0:00:28, time: 0.088, data_time: 0.004, memory: 874, loss: 0.3142
2023-02-04 21:14:33,572 - mmcls - INFO - Epoch [8][54/72]	lr: 1.000e-04, eta: 0:00:27, time: 0.150, data_time: 0.007, memory: 874, loss: 0.3499
2023-02-04 21:14:33,652 - mmcls - INFO - Epoch [8][56/72]	lr: 1.000e-04, eta: 0:00:27, time: 0.034, data_time: 0.001, memory: 874, loss: 0.2947
2023-02-04 21:14:33,733 - mmcls - INFO - Epoch [8][58/72]	lr: 1.000e-04, eta: 0:00:26, time: 0.039, data_time: 0.007, memory: 874, loss: 0.3117
2023-02-04 21:14:33,814 - mmcls - INFO - Epoch [8][60/72]	lr: 1.000e-04, eta: 0:00:26, time: 0.044, data_time: 0.009, memory: 874, loss: 0.3143
2023-02-04 21:14:33,902 - mmcls - INFO - Epoch [8][62/72]	lr: 1.000e-04, eta: 0:00:26, time: 0.044, data_time: 0.007, memory: 874, loss: 0.2409
2023-02-04 21:14:34,090 - mmcls - INFO - Epoch [8][64/72]	lr: 1.000e-04, eta: 0:00:25, time: 0.093, data_time: 0.021, memory: 874, loss: 0.3578
2023-02-04 21:14:34,232 - mmcls - INFO - Epoch [8][66/72]	lr: 1.000e-04, eta: 0:00:25, time: 0.076, data_time: 0.007, memory: 874, loss: 0.3405
2023-02-04 21:14:34,368 - mmcls - INFO - Epoch [8][68/72]	lr: 1.000e-04, eta: 0:00:24, time: 0.068, data_time: 0.002, memory: 874, loss: 0.3620
2023-02-04 21:14:34,597 - mmcls - INFO - Epoch [8][70/72]	lr: 1.000e-04, eta: 0:00:24, time: 0.114, data_time: 0.002, memory: 874, loss: 0.3490
2023-02-04 21:14:34,693 - mmcls - INFO - Epoch [8][72/72]	lr: 1.000e-04, eta: 0:00:24, time: 0.049, data_time: 0.003, memory: 874, loss: 0.3257
2023-02-04 21:14:34,693 - mmcls - INFO - Saving checkpoint at 8 epochs
2023-02-04 21:14:36,849 - mmcls - INFO - Epoch(val) [8][18]	accuracy_top-1: 94.0559, accuracy_top-5: 100.0000
2023-02-04 21:14:39,381 - mmcls - INFO - Epoch [9][2/72]	lr: 1.000e-04, eta: 0:00:24, time: 1.246, data_time: 1.106, memory: 874, loss: 0.2849
2023-02-04 21:14:39,519 - mmcls - INFO - Epoch [9][4/72]	lr: 1.000e-04, eta: 0:00:24, time: 0.069, data_time: 0.002, memory: 874, loss: 0.2576
2023-02-04 21:14:39,715 - mmcls - INFO - Epoch [9][6/72]	lr: 1.000e-04, eta: 0:00:23, time: 0.098, data_time: 0.003, memory: 874, loss: 0.4048
2023-02-04 21:14:39,844 - mmcls - INFO - Epoch [9][8/72]	lr: 1.000e-04, eta: 0:00:23, time: 0.059, data_time: 0.003, memory: 874, loss: 0.2683
2023-02-04 21:14:40,116 - mmcls - INFO - Epoch [9][10/72]	lr: 1.000e-04, eta: 0:00:22, time: 0.140, data_time: 0.010, memory: 874, loss: 0.4191
2023-02-04 21:14:40,202 - mmcls - INFO - Epoch [9][12/72]	lr: 1.000e-04, eta: 0:00:22, time: 0.040, data_time: 0.004, memory: 874, loss: 0.3339
2023-02-04 21:14:40,392 - mmcls - INFO - Epoch [9][14/72]	lr: 1.000e-04, eta: 0:00:22, time: 0.099, data_time: 0.007, memory: 874, loss: 0.3100
2023-02-04 21:14:40,646 - mmcls - INFO - Epoch [9][16/72]	lr: 1.000e-04, eta: 0:00:21, time: 0.128, data_time: 0.005, memory: 874, loss: 0.3558
2023-02-04 21:14:40,861 - mmcls - INFO - Epoch [9][18/72]	lr: 1.000e-04, eta: 0:00:21, time: 0.104, data_time: 0.002, memory: 874, loss: 0.2238
2023-02-04 21:14:40,953 - mmcls - INFO - Epoch [9][20/72]	lr: 1.000e-04, eta: 0:00:20, time: 0.047, data_time: 0.005, memory: 874, loss: 0.2498
2023-02-04 21:14:41,307 - mmcls - INFO - Epoch [9][22/72]	lr: 1.000e-04, eta: 0:00:20, time: 0.179, data_time: 0.006, memory: 874, loss: 0.3882
2023-02-04 21:14:41,399 - mmcls - INFO - Epoch [9][24/72]	lr: 1.000e-04, eta: 0:00:20, time: 0.046, data_time: 0.002, memory: 874, loss: 0.2887
2023-02-04 21:14:41,519 - mmcls - INFO - Epoch [9][26/72]	lr: 1.000e-04, eta: 0:00:19, time: 0.060, data_time: 0.006, memory: 874, loss: 0.2329
2023-02-04 21:14:41,723 - mmcls - INFO - Epoch [9][28/72]	lr: 1.000e-04, eta: 0:00:19, time: 0.102, data_time: 0.009, memory: 874, loss: 0.2427
2023-02-04 21:14:42,083 - mmcls - INFO - Epoch [9][30/72]	lr: 1.000e-04, eta: 0:00:19, time: 0.180, data_time: 0.003, memory: 874, loss: 0.3636
2023-02-04 21:14:42,227 - mmcls - INFO - Epoch [9][32/72]	lr: 1.000e-04, eta: 0:00:18, time: 0.070, data_time: 0.004, memory: 874, loss: 0.2158
2023-02-04 21:14:42,500 - mmcls - INFO - Epoch [9][34/72]	lr: 1.000e-04, eta: 0:00:18, time: 0.138, data_time: 0.004, memory: 874, loss: 0.2633
2023-02-04 21:14:42,622 - mmcls - INFO - Epoch [9][36/72]	lr: 1.000e-04, eta: 0:00:18, time: 0.056, data_time: 0.003, memory: 874, loss: 0.3019
2023-02-04 21:14:42,709 - mmcls - INFO - Epoch [9][38/72]	lr: 1.000e-04, eta: 0:00:17, time: 0.045, data_time: 0.007, memory: 874, loss: 0.2505
2023-02-04 21:14:42,871 - mmcls - INFO - Epoch [9][40/72]	lr: 1.000e-04, eta: 0:00:17, time: 0.085, data_time: 0.007, memory: 874, loss: 0.4495
2023-02-04 21:14:43,005 - mmcls - INFO - Epoch [9][42/72]	lr: 1.000e-04, eta: 0:00:16, time: 0.067, data_time: 0.003, memory: 874, loss: 0.2901
2023-02-04 21:14:43,251 - mmcls - INFO - Epoch [9][44/72]	lr: 1.000e-04, eta: 0:00:16, time: 0.123, data_time: 0.004, memory: 874, loss: 0.3663
2023-02-04 21:14:43,423 - mmcls - INFO - Epoch [9][46/72]	lr: 1.000e-04, eta: 0:00:16, time: 0.085, data_time: 0.003, memory: 874, loss: 0.2537
2023-02-04 21:14:43,910 - mmcls - INFO - Epoch [9][48/72]	lr: 1.000e-04, eta: 0:00:15, time: 0.244, data_time: 0.006, memory: 874, loss: 0.3373
2023-02-04 21:14:44,324 - mmcls - INFO - Epoch [9][50/72]	lr: 1.000e-04, eta: 0:00:15, time: 0.200, data_time: 0.004, memory: 874, loss: 0.2763
2023-02-04 21:14:44,749 - mmcls - INFO - Epoch [9][52/72]	lr: 1.000e-04, eta: 0:00:15, time: 0.220, data_time: 0.015, memory: 874, loss: 0.3342
2023-02-04 21:14:44,895 - mmcls - INFO - Epoch [9][54/72]	lr: 1.000e-04, eta: 0:00:14, time: 0.073, data_time: 0.003, memory: 874, loss: 0.2991
2023-02-04 21:14:45,476 - mmcls - INFO - Epoch [9][56/72]	lr: 1.000e-04, eta: 0:00:14, time: 0.287, data_time: 0.007, memory: 874, loss: 0.3183
2023-02-04 21:14:45,694 - mmcls - INFO - Epoch [9][58/72]	lr: 1.000e-04, eta: 0:00:14, time: 0.109, data_time: 0.009, memory: 874, loss: 0.2787
2023-02-04 21:14:46,228 - mmcls - INFO - Epoch [9][60/72]	lr: 1.000e-04, eta: 0:00:14, time: 0.267, data_time: 0.009, memory: 874, loss: 0.1992
2023-02-04 21:14:46,734 - mmcls - INFO - Epoch [9][62/72]	lr: 1.000e-04, eta: 0:00:13, time: 0.252, data_time: 0.006, memory: 874, loss: 0.2621
2023-02-04 21:14:46,984 - mmcls - INFO - Epoch [9][64/72]	lr: 1.000e-04, eta: 0:00:13, time: 0.127, data_time: 0.013, memory: 874, loss: 0.2642
2023-02-04 21:14:47,126 - mmcls - INFO - Epoch [9][66/72]	lr: 1.000e-04, eta: 0:00:13, time: 0.070, data_time: 0.005, memory: 874, loss: 0.2793
2023-02-04 21:14:47,208 - mmcls - INFO - Epoch [9][68/72]	lr: 1.000e-04, eta: 0:00:12, time: 0.038, data_time: 0.005, memory: 874, loss: 0.3275
2023-02-04 21:14:47,290 - mmcls - INFO - Epoch [9][70/72]	lr: 1.000e-04, eta: 0:00:12, time: 0.040, data_time: 0.008, memory: 874, loss: 0.3076
2023-02-04 21:14:47,804 - mmcls - INFO - Epoch [9][72/72]	lr: 1.000e-04, eta: 0:00:11, time: 0.264, data_time: 0.011, memory: 874, loss: 0.1859
2023-02-04 21:14:47,805 - mmcls - INFO - Saving checkpoint at 9 epochs
2023-02-04 21:14:49,418 - mmcls - INFO - Epoch(val) [9][18]	accuracy_top-1: 94.5804, accuracy_top-5: 100.0000
2023-02-04 21:14:52,041 - mmcls - INFO - Epoch [10][2/72]	lr: 1.000e-04, eta: 0:00:11, time: 1.306, data_time: 1.137, memory: 874, loss: 0.3763
2023-02-04 21:14:52,242 - mmcls - INFO - Epoch [10][4/72]	lr: 1.000e-04, eta: 0:00:11, time: 0.100, data_time: 0.003, memory: 874, loss: 0.3283
2023-02-04 21:14:52,339 - mmcls - INFO - Epoch [10][6/72]	lr: 1.000e-04, eta: 0:00:11, time: 0.040, data_time: 0.002, memory: 874, loss: 0.2668
2023-02-04 21:14:52,451 - mmcls - INFO - Epoch [10][8/72]	lr: 1.000e-04, eta: 0:00:10, time: 0.064, data_time: 0.010, memory: 874, loss: 0.1921
2023-02-04 21:14:52,590 - mmcls - INFO - Epoch [10][10/72]	lr: 1.000e-04, eta: 0:00:10, time: 0.065, data_time: 0.003, memory: 874, loss: 0.4020
2023-02-04 21:14:52,837 - mmcls - INFO - Epoch [10][12/72]	lr: 1.000e-04, eta: 0:00:10, time: 0.128, data_time: 0.014, memory: 874, loss: 0.2242
2023-02-04 21:14:53,187 - mmcls - INFO - Epoch [10][14/72]	lr: 1.000e-04, eta: 0:00:09, time: 0.176, data_time: 0.006, memory: 874, loss: 0.2054
2023-02-04 21:14:53,322 - mmcls - INFO - Epoch [10][16/72]	lr: 1.000e-04, eta: 0:00:09, time: 0.063, data_time: 0.005, memory: 874, loss: 0.3115
2023-02-04 21:14:53,587 - mmcls - INFO - Epoch [10][18/72]	lr: 1.000e-04, eta: 0:00:09, time: 0.134, data_time: 0.006, memory: 874, loss: 0.2776
2023-02-04 21:14:53,853 - mmcls - INFO - Epoch [10][20/72]	lr: 1.000e-04, eta: 0:00:08, time: 0.134, data_time: 0.008, memory: 874, loss: 0.2781
2023-02-04 21:14:53,946 - mmcls - INFO - Epoch [10][22/72]	lr: 1.000e-04, eta: 0:00:08, time: 0.044, data_time: 0.007, memory: 874, loss: 0.2059
2023-02-04 21:14:54,062 - mmcls - INFO - Epoch [10][24/72]	lr: 1.000e-04, eta: 0:00:08, time: 0.062, data_time: 0.006, memory: 874, loss: 0.2360
2023-02-04 21:14:54,409 - mmcls - INFO - Epoch [10][26/72]	lr: 1.000e-04, eta: 0:00:07, time: 0.169, data_time: 0.004, memory: 874, loss: 0.2650
2023-02-04 21:14:54,772 - mmcls - INFO - Epoch [10][28/72]	lr: 1.000e-04, eta: 0:00:07, time: 0.182, data_time: 0.014, memory: 874, loss: 0.3894
2023-02-04 21:14:55,156 - mmcls - INFO - Epoch [10][30/72]	lr: 1.000e-04, eta: 0:00:07, time: 0.193, data_time: 0.015, memory: 874, loss: 0.3071
2023-02-04 21:14:55,304 - mmcls - INFO - Epoch [10][32/72]	lr: 1.000e-04, eta: 0:00:06, time: 0.077, data_time: 0.009, memory: 874, loss: 0.3126
2023-02-04 21:14:55,802 - mmcls - INFO - Epoch [10][34/72]	lr: 1.000e-04, eta: 0:00:06, time: 0.247, data_time: 0.003, memory: 874, loss: 0.2469
2023-02-04 21:14:56,309 - mmcls - INFO - Epoch [10][36/72]	lr: 1.000e-04, eta: 0:00:06, time: 0.255, data_time: 0.008, memory: 874, loss: 0.3359
2023-02-04 21:14:56,407 - mmcls - INFO - Epoch [10][38/72]	lr: 1.000e-04, eta: 0:00:05, time: 0.040, data_time: 0.003, memory: 874, loss: 0.3414
2023-02-04 21:14:56,554 - mmcls - INFO - Epoch [10][40/72]	lr: 1.000e-04, eta: 0:00:05, time: 0.082, data_time: 0.011, memory: 874, loss: 0.2625
2023-02-04 21:14:56,895 - mmcls - INFO - Epoch [10][42/72]	lr: 1.000e-04, eta: 0:00:05, time: 0.172, data_time: 0.005, memory: 874, loss: 0.2628
2023-02-04 21:14:57,066 - mmcls - INFO - Epoch [10][44/72]	lr: 1.000e-04, eta: 0:00:04, time: 0.082, data_time: 0.003, memory: 874, loss: 0.1539
2023-02-04 21:14:58,179 - mmcls - INFO - Epoch [10][46/72]	lr: 1.000e-04, eta: 0:00:04, time: 0.549, data_time: 0.011, memory: 874, loss: 0.3592
2023-02-04 21:14:58,659 - mmcls - INFO - Epoch [10][48/72]	lr: 1.000e-04, eta: 0:00:04, time: 0.249, data_time: 0.027, memory: 874, loss: 0.3096
2023-02-04 21:14:59,075 - mmcls - INFO - Epoch [10][50/72]	lr: 1.000e-04, eta: 0:00:03, time: 0.208, data_time: 0.004, memory: 874, loss: 0.3322
2023-02-04 21:14:59,181 - mmcls - INFO - Epoch [10][52/72]	lr: 1.000e-04, eta: 0:00:03, time: 0.048, data_time: 0.005, memory: 874, loss: 0.3487
2023-02-04 21:14:59,368 - mmcls - INFO - Epoch [10][54/72]	lr: 1.000e-04, eta: 0:00:03, time: 0.099, data_time: 0.009, memory: 874, loss: 0.2220
2023-02-04 21:14:59,489 - mmcls - INFO - Epoch [10][56/72]	lr: 1.000e-04, eta: 0:00:02, time: 0.057, data_time: 0.003, memory: 874, loss: 0.3352
2023-02-04 21:14:59,612 - mmcls - INFO - Epoch [10][58/72]	lr: 1.000e-04, eta: 0:00:02, time: 0.064, data_time: 0.008, memory: 874, loss: 0.2803
2023-02-04 21:14:59,736 - mmcls - INFO - Epoch [10][60/72]	lr: 1.000e-04, eta: 0:00:02, time: 0.060, data_time: 0.004, memory: 874, loss: 0.3782
2023-02-04 21:14:59,882 - mmcls - INFO - Epoch [10][62/72]	lr: 1.000e-04, eta: 0:00:01, time: 0.075, data_time: 0.005, memory: 874, loss: 0.4184
2023-02-04 21:15:00,229 - mmcls - INFO - Epoch [10][64/72]	lr: 1.000e-04, eta: 0:00:01, time: 0.174, data_time: 0.005, memory: 874, loss: 0.3056
2023-02-04 21:15:00,331 - mmcls - INFO - Epoch [10][66/72]	lr: 1.000e-04, eta: 0:00:00, time: 0.051, data_time: 0.002, memory: 874, loss: 0.3819
2023-02-04 21:15:00,474 - mmcls - INFO - Epoch [10][68/72]	lr: 1.000e-04, eta: 0:00:00, time: 0.071, data_time: 0.003, memory: 874, loss: 0.3359
2023-02-04 21:15:00,675 - mmcls - INFO - Epoch [10][70/72]	lr: 1.000e-04, eta: 0:00:00, time: 0.101, data_time: 0.009, memory: 874, loss: 0.2410
2023-02-04 21:15:00,808 - mmcls - INFO - Epoch [10][72/72]	lr: 1.000e-04, eta: 0:00:00, time: 0.066, data_time: 0.002, memory: 874, loss: 0.3778
2023-02-04 21:15:00,809 - mmcls - INFO - Saving checkpoint at 10 epochs
2023-02-04 21:15:02,254 - mmcls - INFO - Epoch(val) [10][18]	accuracy_top-1: 94.4056, accuracy_top-5: 100.0000
