2023-02-09 16:05:08,520 - mmdet - INFO - Environment info:
------------------------------------------------------------
sys.platform: linux
Python: 3.8.13 (default, Mar 28 2022, 11:38:47) [GCC 7.5.0]
CUDA available: True
GPU 0: NVIDIA TITAN RTX
CUDA_HOME: /share12/home/zhenni/anaconda3/envs/mmlab1
NVCC: Cuda compilation tools, release 11.7, V11.7.99
GCC: gcc (Ubuntu 7.5.0-3ubuntu1~18.04) 7.5.0
PyTorch: 1.13.1
PyTorch compiling details: PyTorch built with:
  - GCC 9.3
  - C++ Version: 201402
  - Intel(R) oneAPI Math Kernel Library Version 2021.4-Product Build 20210904 for Intel(R) 64 architecture applications
  - Intel(R) MKL-DNN v2.6.0 (Git Hash 52b5f107dd9cf10910aaa19cb47f3abf9b349815)
  - OpenMP 201511 (a.k.a. OpenMP 4.5)
  - LAPACK is enabled (usually provided by MKL)
  - NNPACK is enabled
  - CPU capability usage: AVX2
  - CUDA Runtime 11.7
  - NVCC architecture flags: -gencode;arch=compute_37,code=sm_37;-gencode;arch=compute_50,code=sm_50;-gencode;arch=compute_60,code=sm_60;-gencode;arch=compute_61,code=sm_61;-gencode;arch=compute_70,code=sm_70;-gencode;arch=compute_75,code=sm_75;-gencode;arch=compute_80,code=sm_80;-gencode;arch=compute_86,code=sm_86;-gencode;arch=compute_37,code=compute_37
  - CuDNN 8.5
  - Magma 2.6.1
  - Build settings: BLAS_INFO=mkl, BUILD_TYPE=Release, CUDA_VERSION=11.7, CUDNN_VERSION=8.5.0, CXX_COMPILER=/opt/rh/devtoolset-9/root/usr/bin/c++, CXX_FLAGS= -fabi-version=11 -Wno-deprecated -fvisibility-inlines-hidden -DUSE_PTHREADPOOL -fopenmp -DNDEBUG -DUSE_KINETO -DUSE_FBGEMM -DUSE_QNNPACK -DUSE_PYTORCH_QNNPACK -DUSE_XNNPACK -DSYMBOLICATE_MOBILE_DEBUG_HANDLE -DEDGE_PROFILER_USE_KINETO -O2 -fPIC -Wno-narrowing -Wall -Wextra -Werror=return-type -Werror=non-virtual-dtor -Wno-missing-field-initializers -Wno-type-limits -Wno-array-bounds -Wno-unknown-pragmas -Wunused-local-typedefs -Wno-unused-parameter -Wno-unused-function -Wno-unused-result -Wno-strict-overflow -Wno-strict-aliasing -Wno-error=deprecated-declarations -Wno-stringop-overflow -Wno-psabi -Wno-error=pedantic -Wno-error=redundant-decls -Wno-error=old-style-cast -fdiagnostics-color=always -faligned-new -Wno-unused-but-set-variable -Wno-maybe-uninitialized -fno-math-errno -fno-trapping-math -Werror=format -Werror=cast-function-type -Wno-stringop-overflow, LAPACK_INFO=mkl, PERF_WITH_AVX=1, PERF_WITH_AVX2=1, PERF_WITH_AVX512=1, TORCH_VERSION=1.13.1, USE_CUDA=ON, USE_CUDNN=ON, USE_EXCEPTION_PTR=1, USE_GFLAGS=OFF, USE_GLOG=OFF, USE_MKL=ON, USE_MKLDNN=ON, USE_MPI=OFF, USE_NCCL=ON, USE_NNPACK=ON, USE_OPENMP=ON, USE_ROCM=OFF, 

TorchVision: 0.14.1
OpenCV: 4.7.0
MMCV: 1.7.1
MMCV Compiler: GCC 9.3
MMCV CUDA Compiler: 11.7
MMDetection: 2.28.1+
------------------------------------------------------------

2023-02-09 16:05:09,493 - mmdet - INFO - Distributed training: False
2023-02-09 16:05:10,294 - mmdet - INFO - Config:
model = dict(
    type='MaskRCNN',
    backbone=dict(
        type='ResNet',
        depth=50,
        num_stages=4,
        out_indices=(0, 1, 2, 3),
        frozen_stages=1,
        norm_cfg=dict(type='BN', requires_grad=True),
        norm_eval=True,
        style='pytorch',
        init_cfg=dict(type='Pretrained', checkpoint='torchvision://resnet50')),
    neck=dict(
        type='FPN',
        in_channels=[256, 512, 1024, 2048],
        out_channels=256,
        num_outs=5),
    rpn_head=dict(
        type='RPNHead',
        in_channels=256,
        feat_channels=256,
        anchor_generator=dict(
            type='AnchorGenerator',
            scales=[8],
            ratios=[0.5, 1.0, 2.0],
            strides=[4, 8, 16, 32, 64]),
        bbox_coder=dict(
            type='DeltaXYWHBBoxCoder',
            target_means=[0.0, 0.0, 0.0, 0.0],
            target_stds=[1.0, 1.0, 1.0, 1.0]),
        loss_cls=dict(
            type='CrossEntropyLoss', use_sigmoid=True, loss_weight=1.0),
        loss_bbox=dict(type='L1Loss', loss_weight=1.0)),
    roi_head=dict(
        type='StandardRoIHead',
        bbox_roi_extractor=dict(
            type='SingleRoIExtractor',
            roi_layer=dict(type='RoIAlign', output_size=7, sampling_ratio=0),
            out_channels=256,
            featmap_strides=[4, 8, 16, 32]),
        bbox_head=dict(
            type='Shared2FCBBoxHead',
            in_channels=256,
            fc_out_channels=1024,
            roi_feat_size=7,
            num_classes=1,
            bbox_coder=dict(
                type='DeltaXYWHBBoxCoder',
                target_means=[0.0, 0.0, 0.0, 0.0],
                target_stds=[0.1, 0.1, 0.2, 0.2]),
            reg_class_agnostic=False,
            loss_cls=dict(
                type='CrossEntropyLoss', use_sigmoid=False, loss_weight=1.0),
            loss_bbox=dict(type='L1Loss', loss_weight=1.0)),
        mask_roi_extractor=dict(
            type='SingleRoIExtractor',
            roi_layer=dict(type='RoIAlign', output_size=14, sampling_ratio=0),
            out_channels=256,
            featmap_strides=[4, 8, 16, 32]),
        mask_head=dict(
            type='FCNMaskHead',
            num_convs=4,
            in_channels=256,
            conv_out_channels=256,
            num_classes=1,
            loss_mask=dict(
                type='CrossEntropyLoss', use_mask=True, loss_weight=1.0))),
    train_cfg=dict(
        rpn=dict(
            assigner=dict(
                type='MaxIoUAssigner',
                pos_iou_thr=0.7,
                neg_iou_thr=0.3,
                min_pos_iou=0.3,
                match_low_quality=True,
                ignore_iof_thr=-1),
            sampler=dict(
                type='RandomSampler',
                num=256,
                pos_fraction=0.5,
                neg_pos_ub=-1,
                add_gt_as_proposals=False),
            allowed_border=-1,
            pos_weight=-1,
            debug=False),
        rpn_proposal=dict(
            nms_pre=2000,
            max_per_img=1000,
            nms=dict(type='nms', iou_threshold=0.7),
            min_bbox_size=0),
        rcnn=dict(
            assigner=dict(
                type='MaxIoUAssigner',
                pos_iou_thr=0.5,
                neg_iou_thr=0.5,
                min_pos_iou=0.5,
                match_low_quality=True,
                ignore_iof_thr=-1),
            sampler=dict(
                type='RandomSampler',
                num=512,
                pos_fraction=0.25,
                neg_pos_ub=-1,
                add_gt_as_proposals=True),
            mask_size=28,
            pos_weight=-1,
            debug=False)),
    test_cfg=dict(
        rpn=dict(
            nms_pre=1000,
            max_per_img=1000,
            nms=dict(type='nms', iou_threshold=0.7),
            min_bbox_size=0),
        rcnn=dict(
            score_thr=0.05,
            nms=dict(type='nms', iou_threshold=0.5),
            max_per_img=100,
            mask_thr_binary=0.5)))
dataset_type = 'CocoDataset'
data_root = 'data/coco/'
img_norm_cfg = dict(
    mean=[123.675, 116.28, 103.53], std=[58.395, 57.12, 57.375], to_rgb=True)
train_pipeline = [
    dict(type='LoadImageFromFile'),
    dict(type='LoadAnnotations', with_bbox=True, with_mask=True),
    dict(type='Resize', img_scale=(1333, 800), keep_ratio=True),
    dict(type='RandomFlip', flip_ratio=0.5),
    dict(
        type='Normalize',
        mean=[123.675, 116.28, 103.53],
        std=[58.395, 57.12, 57.375],
        to_rgb=True),
    dict(type='Pad', size_divisor=32),
    dict(type='DefaultFormatBundle'),
    dict(type='Collect', keys=['img', 'gt_bboxes', 'gt_labels', 'gt_masks'])
]
test_pipeline = [
    dict(type='LoadImageFromFile'),
    dict(
        type='MultiScaleFlipAug',
        img_scale=(1333, 800),
        flip=False,
        transforms=[
            dict(type='Resize', keep_ratio=True),
            dict(type='RandomFlip'),
            dict(
                type='Normalize',
                mean=[123.675, 116.28, 103.53],
                std=[58.395, 57.12, 57.375],
                to_rgb=True),
            dict(type='Pad', size_divisor=32),
            dict(type='ImageToTensor', keys=['img']),
            dict(type='Collect', keys=['img'])
        ])
]
data = dict(
    samples_per_gpu=2,
    workers_per_gpu=2,
    train=dict(
        type='CocoDataset',
        ann_file=
        '/share12/home/zhenni/PythonProject/Dataset/balloon/annotations/train.json',
        img_prefix='/share12/home/zhenni/PythonProject/Dataset/balloon/train',
        pipeline=[
            dict(type='LoadImageFromFile'),
            dict(type='LoadAnnotations', with_bbox=True, with_mask=True),
            dict(type='Resize', img_scale=(1333, 800), keep_ratio=True),
            dict(type='RandomFlip', flip_ratio=0.5),
            dict(
                type='Normalize',
                mean=[123.675, 116.28, 103.53],
                std=[58.395, 57.12, 57.375],
                to_rgb=True),
            dict(type='Pad', size_divisor=32),
            dict(type='DefaultFormatBundle'),
            dict(
                type='Collect',
                keys=['img', 'gt_bboxes', 'gt_labels', 'gt_masks'])
        ],
        classes=('balloon', )),
    val=dict(
        type='CocoDataset',
        ann_file=
        '/share12/home/zhenni/PythonProject/Dataset/balloon/annotations/val.json',
        img_prefix='/share12/home/zhenni/PythonProject/Dataset/balloon/val',
        pipeline=[
            dict(type='LoadImageFromFile'),
            dict(
                type='MultiScaleFlipAug',
                img_scale=(1333, 800),
                flip=False,
                transforms=[
                    dict(type='Resize', keep_ratio=True),
                    dict(type='RandomFlip'),
                    dict(
                        type='Normalize',
                        mean=[123.675, 116.28, 103.53],
                        std=[58.395, 57.12, 57.375],
                        to_rgb=True),
                    dict(type='Pad', size_divisor=32),
                    dict(type='ImageToTensor', keys=['img']),
                    dict(type='Collect', keys=['img'])
                ])
        ],
        classes=('balloon', )),
    test=dict(
        type='CocoDataset',
        ann_file='data/coco/annotations/instances_val2017.json',
        img_prefix='data/coco/val2017/',
        pipeline=[
            dict(type='LoadImageFromFile'),
            dict(
                type='MultiScaleFlipAug',
                img_scale=(1333, 800),
                flip=False,
                transforms=[
                    dict(type='Resize', keep_ratio=True),
                    dict(type='RandomFlip'),
                    dict(
                        type='Normalize',
                        mean=[123.675, 116.28, 103.53],
                        std=[58.395, 57.12, 57.375],
                        to_rgb=True),
                    dict(type='Pad', size_divisor=32),
                    dict(type='ImageToTensor', keys=['img']),
                    dict(type='Collect', keys=['img'])
                ])
        ]))
evaluation = dict(metric=['bbox', 'segm'])
optimizer = dict(type='SGD', lr=0.001, momentum=0.9, weight_decay=0.0001)
optimizer_config = dict(grad_clip=None)
lr_config = dict(
    policy='step',
    warmup='linear',
    warmup_iters=500,
    warmup_ratio=0.001,
    step=[16, 22])
runner = dict(type='EpochBasedRunner', max_epochs=8)
checkpoint_config = dict(interval=1)
log_config = dict(interval=2, hooks=[dict(type='TextLoggerHook')])
custom_hooks = [dict(type='NumClassCheckHook')]
dist_params = dict(backend='nccl')
log_level = 'INFO'
load_from = '/share12/home/zhenni/PythonProject/openmmlab-camp/mmdet-1/ckpt/mask_rcnn_r50_fpn_2x_coco_bbox_mAP-0.392__segm_mAP-0.354_20200505_003907-3e542a40.pth'
resume_from = None
workflow = [('train', 1)]
opencv_num_threads = 0
mp_start_method = 'fork'
work_dir = './work_dirs/train'
auto_resume = False
gpu_ids = range(0, 1)

2023-02-09 16:05:10,294 - mmdet - INFO - Set random seed to 760051334, deterministic: False
2023-02-09 16:08:27,581 - mmdet - INFO - Automatic scaling of learning rate (LR) has been disabled.
2023-02-09 16:08:29,311 - mmdet - INFO - load checkpoint from local path: /share12/home/zhenni/PythonProject/openmmlab-camp/mmdet-1/ckpt/mask_rcnn_r50_fpn_2x_coco_bbox_mAP-0.392__segm_mAP-0.354_20200505_003907-3e542a40.pth
2023-02-09 16:08:46,260 - mmdet - WARNING - The model and loaded state dict do not match exactly

size mismatch for roi_head.bbox_head.fc_cls.weight: copying a param with shape torch.Size([81, 1024]) from checkpoint, the shape in current model is torch.Size([2, 1024]).
size mismatch for roi_head.bbox_head.fc_cls.bias: copying a param with shape torch.Size([81]) from checkpoint, the shape in current model is torch.Size([2]).
size mismatch for roi_head.bbox_head.fc_reg.weight: copying a param with shape torch.Size([320, 1024]) from checkpoint, the shape in current model is torch.Size([4, 1024]).
size mismatch for roi_head.bbox_head.fc_reg.bias: copying a param with shape torch.Size([320]) from checkpoint, the shape in current model is torch.Size([4]).
size mismatch for roi_head.mask_head.conv_logits.weight: copying a param with shape torch.Size([80, 256, 1, 1]) from checkpoint, the shape in current model is torch.Size([1, 256, 1, 1]).
size mismatch for roi_head.mask_head.conv_logits.bias: copying a param with shape torch.Size([80]) from checkpoint, the shape in current model is torch.Size([1]).
2023-02-09 16:08:46,269 - mmdet - INFO - Start running, host: zhenni@server-03, work_dir: /share12/home/zhenni/work_dirs/train
2023-02-09 16:08:46,269 - mmdet - INFO - Hooks will be executed in the following order:
before_run:
(VERY_HIGH   ) StepLrUpdaterHook                  
(NORMAL      ) CheckpointHook                     
(LOW         ) EvalHook                           
(VERY_LOW    ) TextLoggerHook                     
 -------------------- 
before_train_epoch:
(VERY_HIGH   ) StepLrUpdaterHook                  
(NORMAL      ) NumClassCheckHook                  
(LOW         ) IterTimerHook                      
(LOW         ) EvalHook                           
(VERY_LOW    ) TextLoggerHook                     
 -------------------- 
before_train_iter:
(VERY_HIGH   ) StepLrUpdaterHook                  
(LOW         ) IterTimerHook                      
(LOW         ) EvalHook                           
 -------------------- 
after_train_iter:
(ABOVE_NORMAL) OptimizerHook                      
(NORMAL      ) CheckpointHook                     
(LOW         ) IterTimerHook                      
(LOW         ) EvalHook                           
(VERY_LOW    ) TextLoggerHook                     
 -------------------- 
after_train_epoch:
(NORMAL      ) CheckpointHook                     
(LOW         ) EvalHook                           
(VERY_LOW    ) TextLoggerHook                     
 -------------------- 
before_val_epoch:
(NORMAL      ) NumClassCheckHook                  
(LOW         ) IterTimerHook                      
(VERY_LOW    ) TextLoggerHook                     
 -------------------- 
before_val_iter:
(LOW         ) IterTimerHook                      
 -------------------- 
after_val_iter:
(LOW         ) IterTimerHook                      
 -------------------- 
after_val_epoch:
(VERY_LOW    ) TextLoggerHook                     
 -------------------- 
after_run:
(VERY_LOW    ) TextLoggerHook                     
 -------------------- 
2023-02-09 16:08:46,270 - mmdet - INFO - workflow: [('train', 1)], max: 8 epochs
2023-02-09 16:08:46,270 - mmdet - INFO - Checkpoints will be saved to /share12/home/zhenni/work_dirs/train by HardDiskBackend.
2023-02-09 16:11:21,417 - mmdet - INFO - Epoch [1][2/31]	lr: 2.998e-06, eta: 4:39:27, time: 68.160, data_time: 1.900, memory: 3503, loss_rpn_cls: 0.0887, loss_rpn_bbox: 0.0146, loss_cls: 0.7394, acc: 38.0859, loss_bbox: 0.3310, loss_mask: 1.0028, loss: 2.1765
2023-02-09 16:11:27,317 - mmdet - INFO - Epoch [1][4/31]	lr: 6.994e-06, eta: 2:24:33, time: 2.931, data_time: 2.367, memory: 3503, loss_rpn_cls: 0.0394, loss_rpn_bbox: 0.0054, loss_cls: 0.6844, acc: 56.0059, loss_bbox: 0.1671, loss_mask: 0.6359, loss: 1.5322
2023-02-09 16:11:35,710 - mmdet - INFO - Epoch [1][6/31]	lr: 1.099e-05, eta: 1:41:12, time: 4.188, data_time: 3.210, memory: 3610, loss_rpn_cls: 0.0305, loss_rpn_bbox: 0.0139, loss_cls: 0.7019, acc: 47.7539, loss_bbox: 0.3131, loss_mask: 0.6305, loss: 1.6899
2023-02-09 16:11:38,386 - mmdet - INFO - Epoch [1][8/31]	lr: 1.499e-05, eta: 1:16:36, time: 1.334, data_time: 0.254, memory: 3701, loss_rpn_cls: 0.2082, loss_rpn_bbox: 0.0333, loss_cls: 0.6812, acc: 56.5918, loss_bbox: 0.4726, loss_mask: 1.2685, loss: 2.6639
2023-02-09 16:11:41,487 - mmdet - INFO - Epoch [1][10/31]	lr: 1.898e-05, eta: 1:02:01, time: 1.575, data_time: 0.510, memory: 3701, loss_rpn_cls: 0.2290, loss_rpn_bbox: 0.0233, loss_cls: 0.7006, acc: 51.6113, loss_bbox: 0.3387, loss_mask: 1.0301, loss: 2.3217
2023-02-09 16:11:44,058 - mmdet - INFO - Epoch [1][12/31]	lr: 2.298e-05, eta: 0:52:05, time: 1.286, data_time: 0.238, memory: 3701, loss_rpn_cls: 0.0186, loss_rpn_bbox: 0.0120, loss_cls: 0.6551, acc: 61.1816, loss_bbox: 0.3870, loss_mask: 0.5465, loss: 1.6191
2023-02-09 16:11:46,603 - mmdet - INFO - Epoch [1][14/31]	lr: 2.697e-05, eta: 0:44:58, time: 1.263, data_time: 0.238, memory: 3701, loss_rpn_cls: 0.0322, loss_rpn_bbox: 0.0095, loss_cls: 0.6179, acc: 72.8027, loss_bbox: 0.2190, loss_mask: 0.7532, loss: 1.6318
2023-02-09 16:11:49,006 - mmdet - INFO - Epoch [1][16/31]	lr: 3.097e-05, eta: 0:39:36, time: 1.199, data_time: 0.213, memory: 3701, loss_rpn_cls: 0.0028, loss_rpn_bbox: 0.0014, loss_cls: 0.5938, acc: 81.2988, loss_bbox: 0.1374, loss_mask: 0.1233, loss: 0.8587
2023-02-09 16:12:02,000 - mmdet - INFO - Epoch [1][18/31]	lr: 3.497e-05, eta: 0:37:40, time: 6.516, data_time: 5.980, memory: 3701, loss_rpn_cls: 0.1258, loss_rpn_bbox: 0.0378, loss_cls: 0.5974, acc: 79.9805, loss_bbox: 0.4383, loss_mask: 0.5062, loss: 1.7055
2023-02-09 16:12:03,548 - mmdet - INFO - Epoch [1][20/31]	lr: 3.896e-05, eta: 0:33:54, time: 0.771, data_time: 0.192, memory: 3715, loss_rpn_cls: 0.1017, loss_rpn_bbox: 0.0273, loss_cls: 0.5820, acc: 83.0566, loss_bbox: 0.3182, loss_mask: 2.2748, loss: 3.3041
2023-02-09 16:12:06,155 - mmdet - INFO - Epoch [1][22/31]	lr: 4.296e-05, eta: 0:31:00, time: 1.336, data_time: 0.850, memory: 3715, loss_rpn_cls: 0.0353, loss_rpn_bbox: 0.0025, loss_cls: 0.5409, acc: 87.3047, loss_bbox: 0.1620, loss_mask: 0.1661, loss: 0.9068
2023-02-09 16:12:29,422 - mmdet - INFO - Epoch [1][24/31]	lr: 4.695e-05, eta: 0:31:47, time: 11.634, data_time: 10.644, memory: 3715, loss_rpn_cls: 0.0169, loss_rpn_bbox: 0.0089, loss_cls: 0.5260, acc: 87.2559, loss_bbox: 0.3866, loss_mask: 0.4770, loss: 1.4155
2023-02-09 16:12:31,957 - mmdet - INFO - Epoch [1][26/31]	lr: 5.095e-05, eta: 0:29:26, time: 1.265, data_time: 0.177, memory: 3715, loss_rpn_cls: 0.0678, loss_rpn_bbox: 0.0154, loss_cls: 0.4758, acc: 93.4570, loss_bbox: 0.1972, loss_mask: 0.7818, loss: 1.5380
2023-02-09 16:12:36,333 - mmdet - INFO - Epoch [1][28/31]	lr: 5.495e-05, eta: 0:27:39, time: 2.116, data_time: 0.150, memory: 3715, loss_rpn_cls: 0.0090, loss_rpn_bbox: 0.0158, loss_cls: 0.4481, acc: 89.7949, loss_bbox: 0.3873, loss_mask: 0.2954, loss: 1.1557
2023-02-09 16:12:38,932 - mmdet - INFO - Epoch [1][30/31]	lr: 5.894e-05, eta: 0:25:53, time: 1.311, data_time: 0.264, memory: 3715, loss_rpn_cls: 0.0058, loss_rpn_bbox: 0.0077, loss_cls: 0.4149, acc: 90.3809, loss_bbox: 0.3779, loss_mask: 0.3200, loss: 1.1263
2023-02-09 16:12:39,652 - mmdet - INFO - Saving checkpoint at 1 epochs
2023-02-09 16:14:41,646 - mmdet - INFO - Evaluating bbox...
2023-02-09 16:14:41,833 - mmdet - INFO - 
 Average Precision  (AP) @[ IoU=0.50:0.95 | area=   all | maxDets=100 ] = 0.008
 Average Precision  (AP) @[ IoU=0.50      | area=   all | maxDets=1000 ] = 0.025
 Average Precision  (AP) @[ IoU=0.75      | area=   all | maxDets=1000 ] = 0.003
 Average Precision  (AP) @[ IoU=0.50:0.95 | area= small | maxDets=1000 ] = 0.001
 Average Precision  (AP) @[ IoU=0.50:0.95 | area=medium | maxDets=1000 ] = 0.014
 Average Precision  (AP) @[ IoU=0.50:0.95 | area= large | maxDets=1000 ] = 0.011
 Average Recall     (AR) @[ IoU=0.50:0.95 | area=   all | maxDets=100 ] = 0.320
 Average Recall     (AR) @[ IoU=0.50:0.95 | area=   all | maxDets=300 ] = 0.320
 Average Recall     (AR) @[ IoU=0.50:0.95 | area=   all | maxDets=1000 ] = 0.320
 Average Recall     (AR) @[ IoU=0.50:0.95 | area= small | maxDets=1000 ] = 0.050
 Average Recall     (AR) @[ IoU=0.50:0.95 | area=medium | maxDets=1000 ] = 0.200
 Average Recall     (AR) @[ IoU=0.50:0.95 | area= large | maxDets=1000 ] = 0.375

2023-02-09 16:14:41,834 - mmdet - INFO - Evaluating segm...
2023-02-09 16:14:42,229 - mmdet - INFO - 
 Average Precision  (AP) @[ IoU=0.50:0.95 | area=   all | maxDets=100 ] = 0.022
 Average Precision  (AP) @[ IoU=0.50      | area=   all | maxDets=1000 ] = 0.037
 Average Precision  (AP) @[ IoU=0.75      | area=   all | maxDets=1000 ] = 0.025
 Average Precision  (AP) @[ IoU=0.50:0.95 | area= small | maxDets=1000 ] = 0.008
 Average Precision  (AP) @[ IoU=0.50:0.95 | area=medium | maxDets=1000 ] = 0.029
 Average Precision  (AP) @[ IoU=0.50:0.95 | area= large | maxDets=1000 ] = 0.088
 Average Recall     (AR) @[ IoU=0.50:0.95 | area=   all | maxDets=100 ] = 0.538
 Average Recall     (AR) @[ IoU=0.50:0.95 | area=   all | maxDets=300 ] = 0.538
 Average Recall     (AR) @[ IoU=0.50:0.95 | area=   all | maxDets=1000 ] = 0.538
 Average Recall     (AR) @[ IoU=0.50:0.95 | area= small | maxDets=1000 ] = 0.500
 Average Recall     (AR) @[ IoU=0.50:0.95 | area=medium | maxDets=1000 ] = 0.408
 Average Recall     (AR) @[ IoU=0.50:0.95 | area= large | maxDets=1000 ] = 0.583

2023-02-09 16:14:42,231 - mmdet - INFO - Exp name: train.py
2023-02-09 16:14:42,231 - mmdet - INFO - Epoch(val) [1][13]	bbox_mAP: 0.0077, bbox_mAP_50: 0.0250, bbox_mAP_75: 0.0034, bbox_mAP_s: 0.0010, bbox_mAP_m: 0.0144, bbox_mAP_l: 0.0110, bbox_mAP_copypaste: 0.0077 0.0250 0.0034 0.0010 0.0144 0.0110, segm_mAP: 0.0219, segm_mAP_50: 0.0365, segm_mAP_75: 0.0246, segm_mAP_s: 0.0080, segm_mAP_m: 0.0290, segm_mAP_l: 0.0880, segm_mAP_copypaste: 0.0219 0.0365 0.0246 0.0080 0.0290 0.0880
2023-02-09 16:14:46,907 - mmdet - INFO - Epoch [2][2/31]	lr: 6.494e-05, eta: 0:23:41, time: 2.204, data_time: 1.240, memory: 3715, loss_rpn_cls: 0.0427, loss_rpn_bbox: 0.0157, loss_cls: 0.4279, acc: 88.5254, loss_bbox: 0.4076, loss_mask: 0.2165, loss: 1.1104
2023-02-09 16:14:49,275 - mmdet - INFO - Epoch [2][4/31]	lr: 6.893e-05, eta: 0:22:21, time: 1.165, data_time: 0.199, memory: 3715, loss_rpn_cls: 0.0382, loss_rpn_bbox: 0.0039, loss_cls: 0.3587, acc: 92.1387, loss_bbox: 0.2623, loss_mask: 0.1439, loss: 0.8070
2023-02-09 16:14:52,032 - mmdet - INFO - Epoch [2][6/31]	lr: 7.293e-05, eta: 0:21:13, time: 1.390, data_time: 0.250, memory: 3715, loss_rpn_cls: 0.0603, loss_rpn_bbox: 0.0306, loss_cls: 0.4244, acc: 83.1055, loss_bbox: 0.6115, loss_mask: 0.2358, loss: 1.3626
2023-02-09 16:14:54,507 - mmdet - INFO - Epoch [2][8/31]	lr: 7.692e-05, eta: 0:20:09, time: 1.227, data_time: 0.220, memory: 3715, loss_rpn_cls: 0.0516, loss_rpn_bbox: 0.0166, loss_cls: 0.3631, acc: 92.2363, loss_bbox: 0.2557, loss_mask: 0.3221, loss: 1.0091
2023-02-09 16:14:56,861 - mmdet - INFO - Epoch [2][10/31]	lr: 8.092e-05, eta: 0:19:11, time: 1.168, data_time: 0.203, memory: 3715, loss_rpn_cls: 0.0113, loss_rpn_bbox: 0.0049, loss_cls: 0.2740, acc: 95.9473, loss_bbox: 0.1479, loss_mask: 0.1150, loss: 0.5531
2023-02-09 16:14:59,199 - mmdet - INFO - Epoch [2][12/31]	lr: 8.492e-05, eta: 0:18:18, time: 1.195, data_time: 0.223, memory: 3715, loss_rpn_cls: 0.0875, loss_rpn_bbox: 0.0191, loss_cls: 0.3444, acc: 91.4062, loss_bbox: 0.3270, loss_mask: 0.1654, loss: 0.9434
2023-02-09 16:15:11,170 - mmdet - INFO - Epoch [2][14/31]	lr: 8.891e-05, eta: 0:18:13, time: 5.952, data_time: 5.000, memory: 3716, loss_rpn_cls: 0.0086, loss_rpn_bbox: 0.0036, loss_cls: 0.2944, acc: 91.1133, loss_bbox: 0.3449, loss_mask: 0.4432, loss: 1.0947
2023-02-09 16:15:13,357 - mmdet - INFO - Epoch [2][16/31]	lr: 9.291e-05, eta: 0:17:26, time: 1.119, data_time: 0.222, memory: 3716, loss_rpn_cls: 0.0125, loss_rpn_bbox: 0.0124, loss_cls: 0.3294, acc: 88.1348, loss_bbox: 0.4470, loss_mask: 0.2665, loss: 1.0678
2023-02-09 16:15:16,506 - mmdet - INFO - Epoch [2][18/31]	lr: 9.690e-05, eta: 0:16:46, time: 1.570, data_time: 0.558, memory: 3716, loss_rpn_cls: 0.1301, loss_rpn_bbox: 0.0246, loss_cls: 0.3753, acc: 84.5703, loss_bbox: 0.5468, loss_mask: 0.1594, loss: 1.2362
2023-02-09 16:15:18,990 - mmdet - INFO - Epoch [2][20/31]	lr: 1.009e-04, eta: 0:16:06, time: 1.268, data_time: 0.205, memory: 3852, loss_rpn_cls: 0.0207, loss_rpn_bbox: 0.0301, loss_cls: 0.3970, acc: 82.7637, loss_bbox: 0.6239, loss_mask: 0.3132, loss: 1.3848
2023-02-09 16:15:20,612 - mmdet - INFO - Epoch [2][22/31]	lr: 1.049e-04, eta: 0:15:26, time: 0.815, data_time: 0.142, memory: 3852, loss_rpn_cls: 0.0302, loss_rpn_bbox: 0.0037, loss_cls: 0.2174, acc: 95.7031, loss_bbox: 0.1515, loss_mask: 0.0895, loss: 0.4923
2023-02-09 16:15:22,210 - mmdet - INFO - Epoch [2][24/31]	lr: 1.089e-04, eta: 0:14:49, time: 0.805, data_time: 0.158, memory: 3852, loss_rpn_cls: 0.1117, loss_rpn_bbox: 0.0227, loss_cls: 0.2674, acc: 92.1387, loss_bbox: 0.2148, loss_mask: 0.2100, loss: 0.8266
2023-02-09 16:15:23,690 - mmdet - INFO - Epoch [2][26/31]	lr: 1.129e-04, eta: 0:14:14, time: 0.746, data_time: 0.138, memory: 3852, loss_rpn_cls: 0.0018, loss_rpn_bbox: 0.0027, loss_cls: 0.1740, acc: 95.2637, loss_bbox: 0.1725, loss_mask: 0.0834, loss: 0.4344
2023-02-09 16:15:24,932 - mmdet - INFO - Epoch [2][28/31]	lr: 1.169e-04, eta: 0:13:40, time: 0.594, data_time: 0.135, memory: 3852, loss_rpn_cls: 0.0337, loss_rpn_bbox: 0.0042, loss_cls: 0.2202, acc: 94.0918, loss_bbox: 0.2187, loss_mask: 0.0984, loss: 0.5752
2023-02-09 16:15:26,378 - mmdet - INFO - Epoch [2][30/31]	lr: 1.209e-04, eta: 0:13:09, time: 0.730, data_time: 0.164, memory: 3852, loss_rpn_cls: 0.0132, loss_rpn_bbox: 0.0051, loss_cls: 0.2022, acc: 92.8223, loss_bbox: 0.2669, loss_mask: 0.1170, loss: 0.6044
2023-02-09 16:15:27,491 - mmdet - INFO - Saving checkpoint at 2 epochs
2023-02-09 16:20:26,770 - mmdet - INFO - Evaluating bbox...
2023-02-09 16:20:26,942 - mmdet - INFO - 
 Average Precision  (AP) @[ IoU=0.50:0.95 | area=   all | maxDets=100 ] = 0.165
 Average Precision  (AP) @[ IoU=0.50      | area=   all | maxDets=1000 ] = 0.236
 Average Precision  (AP) @[ IoU=0.75      | area=   all | maxDets=1000 ] = 0.185
 Average Precision  (AP) @[ IoU=0.50:0.95 | area= small | maxDets=1000 ] = 0.000
 Average Precision  (AP) @[ IoU=0.50:0.95 | area=medium | maxDets=1000 ] = 0.152
 Average Precision  (AP) @[ IoU=0.50:0.95 | area= large | maxDets=1000 ] = 0.224
 Average Recall     (AR) @[ IoU=0.50:0.95 | area=   all | maxDets=100 ] = 0.676
 Average Recall     (AR) @[ IoU=0.50:0.95 | area=   all | maxDets=300 ] = 0.676
 Average Recall     (AR) @[ IoU=0.50:0.95 | area=   all | maxDets=1000 ] = 0.676
 Average Recall     (AR) @[ IoU=0.50:0.95 | area= small | maxDets=1000 ] = 0.000
 Average Recall     (AR) @[ IoU=0.50:0.95 | area=medium | maxDets=1000 ] = 0.525
 Average Recall     (AR) @[ IoU=0.50:0.95 | area= large | maxDets=1000 ] = 0.764

2023-02-09 16:20:26,942 - mmdet - INFO - Evaluating segm...
2023-02-09 16:20:27,164 - mmdet - INFO - 
 Average Precision  (AP) @[ IoU=0.50:0.95 | area=   all | maxDets=100 ] = 0.204
 Average Precision  (AP) @[ IoU=0.50      | area=   all | maxDets=1000 ] = 0.240
 Average Precision  (AP) @[ IoU=0.75      | area=   all | maxDets=1000 ] = 0.234
 Average Precision  (AP) @[ IoU=0.50:0.95 | area= small | maxDets=1000 ] = 0.011
 Average Precision  (AP) @[ IoU=0.50:0.95 | area=medium | maxDets=1000 ] = 0.125
 Average Precision  (AP) @[ IoU=0.50:0.95 | area= large | maxDets=1000 ] = 0.385
 Average Recall     (AR) @[ IoU=0.50:0.95 | area=   all | maxDets=100 ] = 0.776
 Average Recall     (AR) @[ IoU=0.50:0.95 | area=   all | maxDets=300 ] = 0.776
 Average Recall     (AR) @[ IoU=0.50:0.95 | area=   all | maxDets=1000 ] = 0.776
 Average Recall     (AR) @[ IoU=0.50:0.95 | area= small | maxDets=1000 ] = 0.500
 Average Recall     (AR) @[ IoU=0.50:0.95 | area=medium | maxDets=1000 ] = 0.683
 Average Recall     (AR) @[ IoU=0.50:0.95 | area= large | maxDets=1000 ] = 0.822

2023-02-09 16:20:27,166 - mmdet - INFO - Exp name: train.py
2023-02-09 16:20:27,166 - mmdet - INFO - Epoch(val) [2][13]	bbox_mAP: 0.1649, bbox_mAP_50: 0.2356, bbox_mAP_75: 0.1845, bbox_mAP_s: 0.0000, bbox_mAP_m: 0.1517, bbox_mAP_l: 0.2236, bbox_mAP_copypaste: 0.1649 0.2356 0.1845 0.0000 0.1517 0.2236, segm_mAP: 0.2039, segm_mAP_50: 0.2398, segm_mAP_75: 0.2339, segm_mAP_s: 0.0111, segm_mAP_m: 0.1255, segm_mAP_l: 0.3851, segm_mAP_copypaste: 0.2039 0.2398 0.2339 0.0111 0.1255 0.3851
2023-02-09 16:20:38,036 - mmdet - INFO - Epoch [3][2/31]	lr: 1.269e-04, eta: 0:12:32, time: 1.993, data_time: 1.203, memory: 3852, loss_rpn_cls: 0.0027, loss_rpn_bbox: 0.0027, loss_cls: 0.1815, acc: 93.9453, loss_bbox: 0.2306, loss_mask: 0.0660, loss: 0.4835
2023-02-09 16:20:41,147 - mmdet - INFO - Epoch [3][4/31]	lr: 1.309e-04, eta: 0:12:10, time: 1.556, data_time: 0.745, memory: 3852, loss_rpn_cls: 0.0178, loss_rpn_bbox: 0.0030, loss_cls: 0.1763, acc: 95.8984, loss_bbox: 0.1467, loss_mask: 0.0630, loss: 0.4067
2023-02-09 16:20:43,528 - mmdet - INFO - Epoch [3][6/31]	lr: 1.349e-04, eta: 0:11:47, time: 1.188, data_time: 0.211, memory: 3852, loss_rpn_cls: 0.0575, loss_rpn_bbox: 0.0254, loss_cls: 0.3785, acc: 81.7383, loss_bbox: 0.6297, loss_mask: 0.2010, loss: 1.2921
2023-02-09 16:20:58,965 - mmdet - INFO - Epoch [3][8/31]	lr: 1.389e-04, eta: 0:11:58, time: 7.753, data_time: 7.118, memory: 3852, loss_rpn_cls: 0.0292, loss_rpn_bbox: 0.0202, loss_cls: 0.2229, acc: 89.9414, loss_bbox: 0.3409, loss_mask: 0.1233, loss: 0.7364
2023-02-09 16:21:06,613 - mmdet - INFO - Epoch [3][10/31]	lr: 1.429e-04, eta: 0:11:49, time: 3.820, data_time: 3.314, memory: 3852, loss_rpn_cls: 0.0406, loss_rpn_bbox: 0.0012, loss_cls: 0.1662, acc: 95.8984, loss_bbox: 0.1414, loss_mask: 0.1012, loss: 0.4506
2023-02-09 16:21:08,078 - mmdet - INFO - Epoch [3][12/31]	lr: 1.469e-04, eta: 0:11:26, time: 0.770, data_time: 0.170, memory: 3852, loss_rpn_cls: 0.0446, loss_rpn_bbox: 0.0068, loss_cls: 0.2586, acc: 89.4043, loss_bbox: 0.3686, loss_mask: 0.1598, loss: 0.8384
2023-02-09 16:21:10,425 - mmdet - INFO - Epoch [3][14/31]	lr: 1.509e-04, eta: 0:11:05, time: 1.131, data_time: 0.135, memory: 3852, loss_rpn_cls: 0.0143, loss_rpn_bbox: 0.0186, loss_cls: 0.2258, acc: 90.9668, loss_bbox: 0.3230, loss_mask: 0.2653, loss: 0.8470
2023-02-09 16:21:12,898 - mmdet - INFO - Epoch [3][16/31]	lr: 1.548e-04, eta: 0:10:46, time: 1.244, data_time: 0.190, memory: 3852, loss_rpn_cls: 0.0185, loss_rpn_bbox: 0.0212, loss_cls: 0.2877, acc: 84.7656, loss_bbox: 0.4927, loss_mask: 0.1412, loss: 0.9613
2023-02-09 16:21:15,415 - mmdet - INFO - Epoch [3][18/31]	lr: 1.588e-04, eta: 0:10:28, time: 1.250, data_time: 0.195, memory: 3852, loss_rpn_cls: 0.0535, loss_rpn_bbox: 0.0126, loss_cls: 0.2644, acc: 85.5957, loss_bbox: 0.5170, loss_mask: 0.2700, loss: 1.1175
2023-02-09 16:21:17,874 - mmdet - INFO - Epoch [3][20/31]	lr: 1.628e-04, eta: 0:10:10, time: 1.212, data_time: 0.196, memory: 3852, loss_rpn_cls: 0.0105, loss_rpn_bbox: 0.0055, loss_cls: 0.1433, acc: 95.4102, loss_bbox: 0.1624, loss_mask: 0.0477, loss: 0.3695
2023-02-09 16:21:47,643 - mmdet - INFO - Epoch [3][22/31]	lr: 1.668e-04, eta: 0:10:46, time: 14.917, data_time: 14.359, memory: 3852, loss_rpn_cls: 0.0084, loss_rpn_bbox: 0.0112, loss_cls: 0.2342, acc: 88.3789, loss_bbox: 0.4001, loss_mask: 0.1469, loss: 0.8007
2023-02-09 16:21:49,367 - mmdet - INFO - Epoch [3][24/31]	lr: 1.708e-04, eta: 0:10:27, time: 0.857, data_time: 0.150, memory: 3852, loss_rpn_cls: 0.0084, loss_rpn_bbox: 0.0106, loss_cls: 0.2286, acc: 88.9160, loss_bbox: 0.4051, loss_mask: 0.0860, loss: 0.7388
2023-02-09 16:21:57,419 - mmdet - INFO - Epoch [3][26/31]	lr: 1.748e-04, eta: 0:10:20, time: 3.989, data_time: 3.018, memory: 3852, loss_rpn_cls: 0.0138, loss_rpn_bbox: 0.0129, loss_cls: 0.2262, acc: 89.6484, loss_bbox: 0.3631, loss_mask: 0.0909, loss: 0.7069
2023-02-09 16:21:59,677 - mmdet - INFO - Epoch [3][28/31]	lr: 1.788e-04, eta: 0:10:02, time: 1.126, data_time: 0.212, memory: 3852, loss_rpn_cls: 0.0464, loss_rpn_bbox: 0.0144, loss_cls: 0.2161, acc: 90.0391, loss_bbox: 0.3657, loss_mask: 0.1367, loss: 0.7793
2023-02-09 16:22:05,072 - mmdet - INFO - Epoch [3][30/31]	lr: 1.828e-04, eta: 0:09:51, time: 2.751, data_time: 1.653, memory: 3852, loss_rpn_cls: 0.0126, loss_rpn_bbox: 0.0089, loss_cls: 0.1863, acc: 91.4062, loss_bbox: 0.3306, loss_mask: 0.0990, loss: 0.6374
2023-02-09 16:22:07,658 - mmdet - INFO - Saving checkpoint at 3 epochs
2023-02-09 16:23:58,376 - mmdet - INFO - Evaluating bbox...
2023-02-09 16:23:58,546 - mmdet - INFO - 
 Average Precision  (AP) @[ IoU=0.50:0.95 | area=   all | maxDets=100 ] = 0.619
 Average Precision  (AP) @[ IoU=0.50      | area=   all | maxDets=1000 ] = 0.786
 Average Precision  (AP) @[ IoU=0.75      | area=   all | maxDets=1000 ] = 0.765
 Average Precision  (AP) @[ IoU=0.50:0.95 | area= small | maxDets=1000 ] = 0.010
 Average Precision  (AP) @[ IoU=0.50:0.95 | area=medium | maxDets=1000 ] = 0.509
 Average Precision  (AP) @[ IoU=0.50:0.95 | area= large | maxDets=1000 ] = 0.689
 Average Recall     (AR) @[ IoU=0.50:0.95 | area=   all | maxDets=100 ] = 0.768
 Average Recall     (AR) @[ IoU=0.50:0.95 | area=   all | maxDets=300 ] = 0.768
 Average Recall     (AR) @[ IoU=0.50:0.95 | area=   all | maxDets=1000 ] = 0.768
 Average Recall     (AR) @[ IoU=0.50:0.95 | area= small | maxDets=1000 ] = 0.200
 Average Recall     (AR) @[ IoU=0.50:0.95 | area=medium | maxDets=1000 ] = 0.717
 Average Recall     (AR) @[ IoU=0.50:0.95 | area= large | maxDets=1000 ] = 0.817

2023-02-09 16:23:58,546 - mmdet - INFO - Evaluating segm...
2023-02-09 16:23:58,764 - mmdet - INFO - 
 Average Precision  (AP) @[ IoU=0.50:0.95 | area=   all | maxDets=100 ] = 0.709
 Average Precision  (AP) @[ IoU=0.50      | area=   all | maxDets=1000 ] = 0.787
 Average Precision  (AP) @[ IoU=0.75      | area=   all | maxDets=1000 ] = 0.775
 Average Precision  (AP) @[ IoU=0.50:0.95 | area= small | maxDets=1000 ] = 0.028
 Average Precision  (AP) @[ IoU=0.50:0.95 | area=medium | maxDets=1000 ] = 0.543
 Average Precision  (AP) @[ IoU=0.50:0.95 | area= large | maxDets=1000 ] = 0.801
 Average Recall     (AR) @[ IoU=0.50:0.95 | area=   all | maxDets=100 ] = 0.850
 Average Recall     (AR) @[ IoU=0.50:0.95 | area=   all | maxDets=300 ] = 0.850
 Average Recall     (AR) @[ IoU=0.50:0.95 | area=   all | maxDets=1000 ] = 0.850
 Average Recall     (AR) @[ IoU=0.50:0.95 | area= small | maxDets=1000 ] = 0.650
 Average Recall     (AR) @[ IoU=0.50:0.95 | area=medium | maxDets=1000 ] = 0.808
 Average Recall     (AR) @[ IoU=0.50:0.95 | area= large | maxDets=1000 ] = 0.875

2023-02-09 16:23:58,766 - mmdet - INFO - Exp name: train.py
2023-02-09 16:23:58,766 - mmdet - INFO - Epoch(val) [3][13]	bbox_mAP: 0.6187, bbox_mAP_50: 0.7863, bbox_mAP_75: 0.7655, bbox_mAP_s: 0.0096, bbox_mAP_m: 0.5090, bbox_mAP_l: 0.6891, bbox_mAP_copypaste: 0.6187 0.7863 0.7655 0.0096 0.5090 0.6891, segm_mAP: 0.7090, segm_mAP_50: 0.7870, segm_mAP_75: 0.7750, segm_mAP_s: 0.0277, segm_mAP_m: 0.5435, segm_mAP_l: 0.8007, segm_mAP_copypaste: 0.7090 0.7870 0.7750 0.0277 0.5435 0.8007
2023-02-09 16:24:38,591 - mmdet - INFO - Epoch [4][2/31]	lr: 1.888e-04, eta: 0:09:28, time: 2.218, data_time: 1.229, memory: 3852, loss_rpn_cls: 0.0226, loss_rpn_bbox: 0.0149, loss_cls: 0.1775, acc: 91.8457, loss_bbox: 0.2971, loss_mask: 0.1336, loss: 0.6458
2023-02-09 16:24:40,898 - mmdet - INFO - Epoch [4][4/31]	lr: 1.928e-04, eta: 0:09:13, time: 1.160, data_time: 0.270, memory: 3852, loss_rpn_cls: 0.0035, loss_rpn_bbox: 0.0019, loss_cls: 0.1118, acc: 95.0684, loss_bbox: 0.2020, loss_mask: 0.0862, loss: 0.4054
2023-02-09 16:24:43,483 - mmdet - INFO - Epoch [4][6/31]	lr: 1.968e-04, eta: 0:08:58, time: 1.286, data_time: 0.220, memory: 3888, loss_rpn_cls: 0.0955, loss_rpn_bbox: 0.0316, loss_cls: 0.2816, acc: 84.7168, loss_bbox: 0.6036, loss_mask: 0.1363, loss: 1.1485
2023-02-09 16:24:45,756 - mmdet - INFO - Epoch [4][8/31]	lr: 2.008e-04, eta: 0:08:44, time: 1.126, data_time: 0.182, memory: 3888, loss_rpn_cls: 0.0222, loss_rpn_bbox: 0.0053, loss_cls: 0.1725, acc: 93.7988, loss_bbox: 0.2302, loss_mask: 0.1027, loss: 0.5329
2023-02-09 16:24:48,090 - mmdet - INFO - Epoch [4][10/31]	lr: 2.048e-04, eta: 0:08:30, time: 1.162, data_time: 0.198, memory: 3888, loss_rpn_cls: 0.0035, loss_rpn_bbox: 0.0106, loss_cls: 0.1580, acc: 92.5293, loss_bbox: 0.3544, loss_mask: 0.1052, loss: 0.6317
2023-02-09 16:24:50,510 - mmdet - INFO - Epoch [4][12/31]	lr: 2.088e-04, eta: 0:08:17, time: 1.241, data_time: 0.231, memory: 3888, loss_rpn_cls: 0.0149, loss_rpn_bbox: 0.0194, loss_cls: 0.2149, acc: 88.9648, loss_bbox: 0.4863, loss_mask: 0.0811, loss: 0.8165
2023-02-09 16:24:52,923 - mmdet - INFO - Epoch [4][14/31]	lr: 2.128e-04, eta: 0:08:04, time: 1.201, data_time: 0.227, memory: 3888, loss_rpn_cls: 0.0099, loss_rpn_bbox: 0.0053, loss_cls: 0.1601, acc: 92.8711, loss_bbox: 0.3890, loss_mask: 0.0835, loss: 0.6478
2023-02-09 16:25:00,497 - mmdet - INFO - Epoch [4][16/31]	lr: 2.168e-04, eta: 0:07:58, time: 3.821, data_time: 3.303, memory: 3924, loss_rpn_cls: 0.0103, loss_rpn_bbox: 0.0195, loss_cls: 0.1899, acc: 92.5781, loss_bbox: 0.3404, loss_mask: 0.1539, loss: 0.7141
2023-02-09 16:25:02,117 - mmdet - INFO - Epoch [4][18/31]	lr: 2.208e-04, eta: 0:07:45, time: 0.806, data_time: 0.153, memory: 3924, loss_rpn_cls: 0.0217, loss_rpn_bbox: 0.0144, loss_cls: 0.1992, acc: 92.3340, loss_bbox: 0.3969, loss_mask: 0.1802, loss: 0.8124
2023-02-09 16:25:03,630 - mmdet - INFO - Epoch [4][20/31]	lr: 2.248e-04, eta: 0:07:31, time: 0.749, data_time: 0.133, memory: 3924, loss_rpn_cls: 0.0347, loss_rpn_bbox: 0.0091, loss_cls: 0.1119, acc: 97.4121, loss_bbox: 0.1530, loss_mask: 0.0898, loss: 0.3985
2023-02-09 16:25:05,335 - mmdet - INFO - Epoch [4][22/31]	lr: 2.288e-04, eta: 0:07:19, time: 0.855, data_time: 0.141, memory: 3924, loss_rpn_cls: 0.0216, loss_rpn_bbox: 0.0063, loss_cls: 0.1353, acc: 95.1172, loss_bbox: 0.2624, loss_mask: 0.0862, loss: 0.5118
2023-02-09 16:25:20,493 - mmdet - INFO - Epoch [4][24/31]	lr: 2.328e-04, eta: 0:07:22, time: 7.521, data_time: 6.585, memory: 3924, loss_rpn_cls: 0.0174, loss_rpn_bbox: 0.0042, loss_cls: 0.1597, acc: 93.7012, loss_bbox: 0.3946, loss_mask: 0.2301, loss: 0.8061
2023-02-09 16:25:40,653 - mmdet - INFO - Epoch [4][26/31]	lr: 2.368e-04, eta: 0:07:30, time: 10.150, data_time: 9.912, memory: 3924, loss_rpn_cls: 0.0144, loss_rpn_bbox: 0.0014, loss_cls: 0.1011, acc: 97.9980, loss_bbox: 0.1654, loss_mask: 0.0627, loss: 0.3450
2023-02-09 16:25:41,497 - mmdet - INFO - Epoch [4][28/31]	lr: 2.408e-04, eta: 0:07:16, time: 0.420, data_time: 0.143, memory: 3924, loss_rpn_cls: 0.0013, loss_rpn_bbox: 0.0122, loss_cls: 0.2416, acc: 87.4023, loss_bbox: 0.6288, loss_mask: 0.0970, loss: 0.9809
2023-02-09 16:25:43,220 - mmdet - INFO - Epoch [4][30/31]	lr: 2.448e-04, eta: 0:07:04, time: 0.852, data_time: 0.186, memory: 3924, loss_rpn_cls: 0.0194, loss_rpn_bbox: 0.0072, loss_cls: 0.1207, acc: 96.3867, loss_bbox: 0.2598, loss_mask: 0.1018, loss: 0.5090
2023-02-09 16:25:45,682 - mmdet - INFO - Saving checkpoint at 4 epochs
2023-02-09 16:32:23,400 - mmdet - INFO - Evaluating bbox...
2023-02-09 16:32:23,546 - mmdet - INFO - 
 Average Precision  (AP) @[ IoU=0.50:0.95 | area=   all | maxDets=100 ] = 0.656
 Average Precision  (AP) @[ IoU=0.50      | area=   all | maxDets=1000 ] = 0.830
 Average Precision  (AP) @[ IoU=0.75      | area=   all | maxDets=1000 ] = 0.817
 Average Precision  (AP) @[ IoU=0.50:0.95 | area= small | maxDets=1000 ] = 0.067
 Average Precision  (AP) @[ IoU=0.50:0.95 | area=medium | maxDets=1000 ] = 0.575
 Average Precision  (AP) @[ IoU=0.50:0.95 | area= large | maxDets=1000 ] = 0.712
 Average Recall     (AR) @[ IoU=0.50:0.95 | area=   all | maxDets=100 ] = 0.782
 Average Recall     (AR) @[ IoU=0.50:0.95 | area=   all | maxDets=300 ] = 0.782
 Average Recall     (AR) @[ IoU=0.50:0.95 | area=   all | maxDets=1000 ] = 0.782
 Average Recall     (AR) @[ IoU=0.50:0.95 | area= small | maxDets=1000 ] = 0.300
 Average Recall     (AR) @[ IoU=0.50:0.95 | area=medium | maxDets=1000 ] = 0.775
 Average Recall     (AR) @[ IoU=0.50:0.95 | area= large | maxDets=1000 ] = 0.811

2023-02-09 16:32:23,546 - mmdet - INFO - Evaluating segm...
2023-02-09 16:32:23,727 - mmdet - INFO - 
 Average Precision  (AP) @[ IoU=0.50:0.95 | area=   all | maxDets=100 ] = 0.737
 Average Precision  (AP) @[ IoU=0.50      | area=   all | maxDets=1000 ] = 0.826
 Average Precision  (AP) @[ IoU=0.75      | area=   all | maxDets=1000 ] = 0.826
 Average Precision  (AP) @[ IoU=0.50:0.95 | area= small | maxDets=1000 ] = 0.054
 Average Precision  (AP) @[ IoU=0.50:0.95 | area=medium | maxDets=1000 ] = 0.612
 Average Precision  (AP) @[ IoU=0.50:0.95 | area= large | maxDets=1000 ] = 0.811
 Average Recall     (AR) @[ IoU=0.50:0.95 | area=   all | maxDets=100 ] = 0.850
 Average Recall     (AR) @[ IoU=0.50:0.95 | area=   all | maxDets=300 ] = 0.850
 Average Recall     (AR) @[ IoU=0.50:0.95 | area=   all | maxDets=1000 ] = 0.850
 Average Recall     (AR) @[ IoU=0.50:0.95 | area= small | maxDets=1000 ] = 0.650
 Average Recall     (AR) @[ IoU=0.50:0.95 | area=medium | maxDets=1000 ] = 0.817
 Average Recall     (AR) @[ IoU=0.50:0.95 | area= large | maxDets=1000 ] = 0.872

2023-02-09 16:32:23,729 - mmdet - INFO - Exp name: train.py
2023-02-09 16:32:23,729 - mmdet - INFO - Epoch(val) [4][13]	bbox_mAP: 0.6555, bbox_mAP_50: 0.8302, bbox_mAP_75: 0.8174, bbox_mAP_s: 0.0670, bbox_mAP_m: 0.5747, bbox_mAP_l: 0.7123, bbox_mAP_copypaste: 0.6555 0.8302 0.8174 0.0670 0.5747 0.7123, segm_mAP: 0.7366, segm_mAP_50: 0.8258, segm_mAP_75: 0.8258, segm_mAP_s: 0.0544, segm_mAP_m: 0.6117, segm_mAP_l: 0.8114, segm_mAP_copypaste: 0.7366 0.8258 0.8258 0.0544 0.6117 0.8114
2023-02-09 16:32:28,072 - mmdet - INFO - Epoch [5][2/31]	lr: 2.508e-04, eta: 0:06:48, time: 2.002, data_time: 1.244, memory: 3924, loss_rpn_cls: 0.0290, loss_rpn_bbox: 0.0097, loss_cls: 0.1554, acc: 94.2871, loss_bbox: 0.4315, loss_mask: 0.0953, loss: 0.7210
2023-02-09 16:32:30,320 - mmdet - INFO - Epoch [5][4/31]	lr: 2.547e-04, eta: 0:06:37, time: 1.140, data_time: 0.462, memory: 3924, loss_rpn_cls: 0.0510, loss_rpn_bbox: 0.0108, loss_cls: 0.1362, acc: 96.4844, loss_bbox: 0.2593, loss_mask: 0.1027, loss: 0.5599
2023-02-09 16:32:31,925 - mmdet - INFO - Epoch [5][6/31]	lr: 2.587e-04, eta: 0:06:26, time: 0.805, data_time: 0.164, memory: 3924, loss_rpn_cls: 0.0110, loss_rpn_bbox: 0.0061, loss_cls: 0.1090, acc: 95.1172, loss_bbox: 0.2344, loss_mask: 0.0765, loss: 0.4369
2023-02-09 16:32:37,011 - mmdet - INFO - Epoch [5][8/31]	lr: 2.627e-04, eta: 0:06:18, time: 2.517, data_time: 1.557, memory: 3924, loss_rpn_cls: 0.0170, loss_rpn_bbox: 0.0148, loss_cls: 0.1718, acc: 93.7012, loss_bbox: 0.4724, loss_mask: 0.1250, loss: 0.8010
2023-02-09 16:32:38,668 - mmdet - INFO - Epoch [5][10/31]	lr: 2.667e-04, eta: 0:06:07, time: 0.833, data_time: 0.149, memory: 3924, loss_rpn_cls: 0.0204, loss_rpn_bbox: 0.0166, loss_cls: 0.1315, acc: 95.1660, loss_bbox: 0.3167, loss_mask: 0.1628, loss: 0.6480
2023-02-09 16:32:40,270 - mmdet - INFO - Epoch [5][12/31]	lr: 2.707e-04, eta: 0:05:57, time: 0.807, data_time: 0.162, memory: 3924, loss_rpn_cls: 0.0224, loss_rpn_bbox: 0.0062, loss_cls: 0.1165, acc: 96.5332, loss_bbox: 0.3458, loss_mask: 0.0839, loss: 0.5747
2023-02-09 16:32:41,704 - mmdet - INFO - Epoch [5][14/31]	lr: 2.747e-04, eta: 0:05:47, time: 0.740, data_time: 0.162, memory: 3924, loss_rpn_cls: 0.0159, loss_rpn_bbox: 0.0116, loss_cls: 0.1211, acc: 96.4355, loss_bbox: 0.3216, loss_mask: 0.0727, loss: 0.5429
2023-02-09 16:32:43,537 - mmdet - INFO - Epoch [5][16/31]	lr: 2.787e-04, eta: 0:05:37, time: 0.890, data_time: 0.159, memory: 3924, loss_rpn_cls: 0.0133, loss_rpn_bbox: 0.0138, loss_cls: 0.1432, acc: 96.9238, loss_bbox: 0.4176, loss_mask: 0.0916, loss: 0.6795
2023-02-09 16:32:46,021 - mmdet - INFO - Epoch [5][18/31]	lr: 2.827e-04, eta: 0:05:28, time: 1.262, data_time: 0.158, memory: 3924, loss_rpn_cls: 0.0005, loss_rpn_bbox: 0.0039, loss_cls: 0.1381, acc: 95.7520, loss_bbox: 0.3750, loss_mask: 0.1661, loss: 0.6836
2023-02-09 16:32:48,674 - mmdet - INFO - Epoch [5][20/31]	lr: 2.867e-04, eta: 0:05:19, time: 1.326, data_time: 0.163, memory: 3924, loss_rpn_cls: 0.0274, loss_rpn_bbox: 0.0146, loss_cls: 0.1689, acc: 93.8477, loss_bbox: 0.3066, loss_mask: 0.1317, loss: 0.6492
2023-02-09 16:32:51,282 - mmdet - INFO - Epoch [5][22/31]	lr: 2.907e-04, eta: 0:05:10, time: 1.292, data_time: 0.151, memory: 3924, loss_rpn_cls: 0.0048, loss_rpn_bbox: 0.0087, loss_cls: 0.1218, acc: 96.2891, loss_bbox: 0.2852, loss_mask: 0.0789, loss: 0.4994
2023-02-09 16:32:53,919 - mmdet - INFO - Epoch [5][24/31]	lr: 2.947e-04, eta: 0:05:02, time: 1.319, data_time: 0.162, memory: 3924, loss_rpn_cls: 0.0059, loss_rpn_bbox: 0.0070, loss_cls: 0.1201, acc: 95.8984, loss_bbox: 0.2916, loss_mask: 0.1376, loss: 0.5621
2023-02-09 16:32:56,527 - mmdet - INFO - Epoch [5][26/31]	lr: 2.987e-04, eta: 0:04:54, time: 1.306, data_time: 0.194, memory: 3924, loss_rpn_cls: 0.0034, loss_rpn_bbox: 0.0035, loss_cls: 0.0861, acc: 97.3145, loss_bbox: 0.2531, loss_mask: 0.1030, loss: 0.4492
2023-02-09 16:32:59,166 - mmdet - INFO - Epoch [5][28/31]	lr: 3.027e-04, eta: 0:04:46, time: 1.323, data_time: 0.206, memory: 3924, loss_rpn_cls: 0.0160, loss_rpn_bbox: 0.0158, loss_cls: 0.1052, acc: 96.9238, loss_bbox: 0.3093, loss_mask: 0.1113, loss: 0.5576
2023-02-09 16:33:01,829 - mmdet - INFO - Epoch [5][30/31]	lr: 3.067e-04, eta: 0:04:38, time: 1.335, data_time: 0.162, memory: 3924, loss_rpn_cls: 0.0223, loss_rpn_bbox: 0.0192, loss_cls: 0.1003, acc: 97.5586, loss_bbox: 0.2524, loss_mask: 0.0920, loss: 0.4862
2023-02-09 16:33:10,968 - mmdet - INFO - Saving checkpoint at 5 epochs
2023-02-09 16:35:31,628 - mmdet - INFO - Evaluating bbox...
2023-02-09 16:35:31,733 - mmdet - INFO - 
 Average Precision  (AP) @[ IoU=0.50:0.95 | area=   all | maxDets=100 ] = 0.696
 Average Precision  (AP) @[ IoU=0.50      | area=   all | maxDets=1000 ] = 0.855
 Average Precision  (AP) @[ IoU=0.75      | area=   all | maxDets=1000 ] = 0.814
 Average Precision  (AP) @[ IoU=0.50:0.95 | area= small | maxDets=1000 ] = 0.075
 Average Precision  (AP) @[ IoU=0.50:0.95 | area=medium | maxDets=1000 ] = 0.617
 Average Precision  (AP) @[ IoU=0.50:0.95 | area= large | maxDets=1000 ] = 0.753
 Average Recall     (AR) @[ IoU=0.50:0.95 | area=   all | maxDets=100 ] = 0.792
 Average Recall     (AR) @[ IoU=0.50:0.95 | area=   all | maxDets=300 ] = 0.792
 Average Recall     (AR) @[ IoU=0.50:0.95 | area=   all | maxDets=1000 ] = 0.792
 Average Recall     (AR) @[ IoU=0.50:0.95 | area= small | maxDets=1000 ] = 0.350
 Average Recall     (AR) @[ IoU=0.50:0.95 | area=medium | maxDets=1000 ] = 0.758
 Average Recall     (AR) @[ IoU=0.50:0.95 | area= large | maxDets=1000 ] = 0.828

2023-02-09 16:35:31,734 - mmdet - INFO - Evaluating segm...
2023-02-09 16:35:31,869 - mmdet - INFO - 
 Average Precision  (AP) @[ IoU=0.50:0.95 | area=   all | maxDets=100 ] = 0.774
 Average Precision  (AP) @[ IoU=0.50      | area=   all | maxDets=1000 ] = 0.855
 Average Precision  (AP) @[ IoU=0.75      | area=   all | maxDets=1000 ] = 0.839
 Average Precision  (AP) @[ IoU=0.50:0.95 | area= small | maxDets=1000 ] = 0.100
 Average Precision  (AP) @[ IoU=0.50:0.95 | area=medium | maxDets=1000 ] = 0.662
 Average Precision  (AP) @[ IoU=0.50:0.95 | area= large | maxDets=1000 ] = 0.839
 Average Recall     (AR) @[ IoU=0.50:0.95 | area=   all | maxDets=100 ] = 0.862
 Average Recall     (AR) @[ IoU=0.50:0.95 | area=   all | maxDets=300 ] = 0.862
 Average Recall     (AR) @[ IoU=0.50:0.95 | area=   all | maxDets=1000 ] = 0.862
 Average Recall     (AR) @[ IoU=0.50:0.95 | area= small | maxDets=1000 ] = 0.600
 Average Recall     (AR) @[ IoU=0.50:0.95 | area=medium | maxDets=1000 ] = 0.808
 Average Recall     (AR) @[ IoU=0.50:0.95 | area= large | maxDets=1000 ] = 0.894

2023-02-09 16:35:31,871 - mmdet - INFO - Exp name: train.py
2023-02-09 16:35:31,871 - mmdet - INFO - Epoch(val) [5][13]	bbox_mAP: 0.6965, bbox_mAP_50: 0.8554, bbox_mAP_75: 0.8135, bbox_mAP_s: 0.0754, bbox_mAP_m: 0.6172, bbox_mAP_l: 0.7533, bbox_mAP_copypaste: 0.6965 0.8554 0.8135 0.0754 0.6172 0.7533, segm_mAP: 0.7740, segm_mAP_50: 0.8554, segm_mAP_75: 0.8392, segm_mAP_s: 0.1001, segm_mAP_m: 0.6622, segm_mAP_l: 0.8392, segm_mAP_copypaste: 0.7740 0.8554 0.8392 0.1001 0.6622 0.8392
2023-02-09 16:35:36,812 - mmdet - INFO - Epoch [6][2/31]	lr: 3.127e-04, eta: 0:04:26, time: 2.249, data_time: 1.352, memory: 3924, loss_rpn_cls: 0.0184, loss_rpn_bbox: 0.0122, loss_cls: 0.0954, acc: 97.1191, loss_bbox: 0.2405, loss_mask: 0.1338, loss: 0.5003
2023-02-09 16:35:39,023 - mmdet - INFO - Epoch [6][4/31]	lr: 3.167e-04, eta: 0:04:18, time: 1.107, data_time: 0.229, memory: 3924, loss_rpn_cls: 0.0016, loss_rpn_bbox: 0.0036, loss_cls: 0.0883, acc: 97.6562, loss_bbox: 0.2880, loss_mask: 0.1060, loss: 0.4874
2023-02-09 16:35:41,494 - mmdet - INFO - Epoch [6][6/31]	lr: 3.207e-04, eta: 0:04:11, time: 1.292, data_time: 0.200, memory: 3924, loss_rpn_cls: 0.0088, loss_rpn_bbox: 0.0105, loss_cls: 0.1121, acc: 96.4355, loss_bbox: 0.3194, loss_mask: 0.1035, loss: 0.5542
2023-02-09 16:35:43,838 - mmdet - INFO - Epoch [6][8/31]	lr: 3.247e-04, eta: 0:04:03, time: 1.167, data_time: 0.155, memory: 3924, loss_rpn_cls: 0.0014, loss_rpn_bbox: 0.0019, loss_cls: 0.0433, acc: 99.1211, loss_bbox: 0.1066, loss_mask: 0.0475, loss: 0.2006
2023-02-09 16:35:56,532 - mmdet - INFO - Epoch [6][10/31]	lr: 3.287e-04, eta: 0:04:01, time: 6.334, data_time: 5.732, memory: 3924, loss_rpn_cls: 0.0036, loss_rpn_bbox: 0.0110, loss_cls: 0.1093, acc: 96.1426, loss_bbox: 0.3263, loss_mask: 0.0755, loss: 0.5257
2023-02-09 16:36:07,934 - mmdet - INFO - Epoch [6][12/31]	lr: 3.327e-04, eta: 0:03:58, time: 5.711, data_time: 4.510, memory: 3924, loss_rpn_cls: 0.0118, loss_rpn_bbox: 0.0226, loss_cls: 0.1902, acc: 92.1875, loss_bbox: 0.3754, loss_mask: 0.1385, loss: 0.7385
2023-02-09 16:36:10,511 - mmdet - INFO - Epoch [6][14/31]	lr: 3.367e-04, eta: 0:03:50, time: 1.288, data_time: 0.144, memory: 3924, loss_rpn_cls: 0.0052, loss_rpn_bbox: 0.0078, loss_cls: 0.0944, acc: 97.6074, loss_bbox: 0.3055, loss_mask: 0.1118, loss: 0.5247
2023-02-09 16:36:13,167 - mmdet - INFO - Epoch [6][16/31]	lr: 3.407e-04, eta: 0:03:43, time: 1.317, data_time: 0.140, memory: 3924, loss_rpn_cls: 0.0045, loss_rpn_bbox: 0.0072, loss_cls: 0.0666, acc: 98.1445, loss_bbox: 0.1719, loss_mask: 0.0526, loss: 0.3028
2023-02-09 16:36:15,730 - mmdet - INFO - Epoch [6][18/31]	lr: 3.447e-04, eta: 0:03:36, time: 1.284, data_time: 0.155, memory: 3924, loss_rpn_cls: 0.0143, loss_rpn_bbox: 0.0021, loss_cls: 0.0470, acc: 98.6816, loss_bbox: 0.1107, loss_mask: 0.0552, loss: 0.2293
2023-02-09 16:36:18,399 - mmdet - INFO - Epoch [6][20/31]	lr: 3.487e-04, eta: 0:03:29, time: 1.335, data_time: 0.156, memory: 3924, loss_rpn_cls: 0.0357, loss_rpn_bbox: 0.0127, loss_cls: 0.1087, acc: 96.1426, loss_bbox: 0.2279, loss_mask: 0.1645, loss: 0.5495
2023-02-09 16:36:20,947 - mmdet - INFO - Epoch [6][22/31]	lr: 3.526e-04, eta: 0:03:22, time: 1.269, data_time: 0.135, memory: 3924, loss_rpn_cls: 0.0169, loss_rpn_bbox: 0.0026, loss_cls: 0.0490, acc: 98.9746, loss_bbox: 0.0768, loss_mask: 0.0526, loss: 0.1979
2023-02-09 16:36:23,601 - mmdet - INFO - Epoch [6][24/31]	lr: 3.566e-04, eta: 0:03:15, time: 1.334, data_time: 0.226, memory: 3924, loss_rpn_cls: 0.0087, loss_rpn_bbox: 0.0040, loss_cls: 0.0695, acc: 97.9980, loss_bbox: 0.1584, loss_mask: 0.0688, loss: 0.3094
2023-02-09 16:36:26,278 - mmdet - INFO - Epoch [6][26/31]	lr: 3.606e-04, eta: 0:03:08, time: 1.333, data_time: 0.224, memory: 3924, loss_rpn_cls: 0.0194, loss_rpn_bbox: 0.0207, loss_cls: 0.1030, acc: 96.7773, loss_bbox: 0.2191, loss_mask: 0.0740, loss: 0.4363
2023-02-09 16:36:28,046 - mmdet - INFO - Epoch [6][28/31]	lr: 3.646e-04, eta: 0:03:01, time: 0.913, data_time: 0.180, memory: 3924, loss_rpn_cls: 0.0243, loss_rpn_bbox: 0.0316, loss_cls: 0.1205, acc: 95.9473, loss_bbox: 0.2737, loss_mask: 0.1407, loss: 0.5908
2023-02-09 16:36:29,621 - mmdet - INFO - Epoch [6][30/31]	lr: 3.686e-04, eta: 0:02:54, time: 0.777, data_time: 0.125, memory: 3924, loss_rpn_cls: 0.0054, loss_rpn_bbox: 0.0061, loss_cls: 0.0714, acc: 96.8750, loss_bbox: 0.1286, loss_mask: 0.0726, loss: 0.2840
2023-02-09 16:36:40,029 - mmdet - INFO - Saving checkpoint at 6 epochs
2023-02-09 16:36:52,083 - mmdet - INFO - Evaluating bbox...
2023-02-09 16:36:52,148 - mmdet - INFO - 
 Average Precision  (AP) @[ IoU=0.50:0.95 | area=   all | maxDets=100 ] = 0.736
 Average Precision  (AP) @[ IoU=0.50      | area=   all | maxDets=1000 ] = 0.874
 Average Precision  (AP) @[ IoU=0.75      | area=   all | maxDets=1000 ] = 0.866
 Average Precision  (AP) @[ IoU=0.50:0.95 | area= small | maxDets=1000 ] = 0.160
 Average Precision  (AP) @[ IoU=0.50:0.95 | area=medium | maxDets=1000 ] = 0.651
 Average Precision  (AP) @[ IoU=0.50:0.95 | area= large | maxDets=1000 ] = 0.789
 Average Recall     (AR) @[ IoU=0.50:0.95 | area=   all | maxDets=100 ] = 0.812
 Average Recall     (AR) @[ IoU=0.50:0.95 | area=   all | maxDets=300 ] = 0.812
 Average Recall     (AR) @[ IoU=0.50:0.95 | area=   all | maxDets=1000 ] = 0.812
 Average Recall     (AR) @[ IoU=0.50:0.95 | area= small | maxDets=1000 ] = 0.500
 Average Recall     (AR) @[ IoU=0.50:0.95 | area=medium | maxDets=1000 ] = 0.750
 Average Recall     (AR) @[ IoU=0.50:0.95 | area= large | maxDets=1000 ] = 0.850

2023-02-09 16:36:52,148 - mmdet - INFO - Evaluating segm...
2023-02-09 16:36:52,229 - mmdet - INFO - 
 Average Precision  (AP) @[ IoU=0.50:0.95 | area=   all | maxDets=100 ] = 0.791
 Average Precision  (AP) @[ IoU=0.50      | area=   all | maxDets=1000 ] = 0.874
 Average Precision  (AP) @[ IoU=0.75      | area=   all | maxDets=1000 ] = 0.864
 Average Precision  (AP) @[ IoU=0.50:0.95 | area= small | maxDets=1000 ] = 0.130
 Average Precision  (AP) @[ IoU=0.50:0.95 | area=medium | maxDets=1000 ] = 0.670
 Average Precision  (AP) @[ IoU=0.50:0.95 | area= large | maxDets=1000 ] = 0.857
 Average Recall     (AR) @[ IoU=0.50:0.95 | area=   all | maxDets=100 ] = 0.858
 Average Recall     (AR) @[ IoU=0.50:0.95 | area=   all | maxDets=300 ] = 0.858
 Average Recall     (AR) @[ IoU=0.50:0.95 | area=   all | maxDets=1000 ] = 0.858
 Average Recall     (AR) @[ IoU=0.50:0.95 | area= small | maxDets=1000 ] = 0.700
 Average Recall     (AR) @[ IoU=0.50:0.95 | area=medium | maxDets=1000 ] = 0.767
 Average Recall     (AR) @[ IoU=0.50:0.95 | area= large | maxDets=1000 ] = 0.897

2023-02-09 16:36:52,230 - mmdet - INFO - Exp name: train.py
2023-02-09 16:36:52,231 - mmdet - INFO - Epoch(val) [6][13]	bbox_mAP: 0.7357, bbox_mAP_50: 0.8742, bbox_mAP_75: 0.8657, bbox_mAP_s: 0.1604, bbox_mAP_m: 0.6512, bbox_mAP_l: 0.7890, bbox_mAP_copypaste: 0.7357 0.8742 0.8657 0.1604 0.6512 0.7890, segm_mAP: 0.7913, segm_mAP_50: 0.8742, segm_mAP_75: 0.8643, segm_mAP_s: 0.1301, segm_mAP_m: 0.6702, segm_mAP_l: 0.8565, segm_mAP_copypaste: 0.7913 0.8742 0.8643 0.1301 0.6702 0.8565
2023-02-09 16:36:57,390 - mmdet - INFO - Epoch [7][2/31]	lr: 3.746e-04, eta: 0:02:45, time: 2.429, data_time: 1.309, memory: 3924, loss_rpn_cls: 0.0149, loss_rpn_bbox: 0.0213, loss_cls: 0.0844, acc: 97.9004, loss_bbox: 0.1597, loss_mask: 0.0825, loss: 0.3627
2023-02-09 16:36:59,766 - mmdet - INFO - Epoch [7][4/31]	lr: 3.786e-04, eta: 0:02:38, time: 1.167, data_time: 0.184, memory: 3924, loss_rpn_cls: 0.0069, loss_rpn_bbox: 0.0013, loss_cls: 0.0295, acc: 99.1699, loss_bbox: 0.0444, loss_mask: 0.0479, loss: 0.1300
2023-02-09 16:37:20,910 - mmdet - INFO - Epoch [7][6/31]	lr: 3.826e-04, eta: 0:02:37, time: 10.573, data_time: 9.701, memory: 3924, loss_rpn_cls: 0.0126, loss_rpn_bbox: 0.0089, loss_cls: 0.0608, acc: 98.2910, loss_bbox: 0.1204, loss_mask: 0.0905, loss: 0.2932
2023-02-09 16:37:33,379 - mmdet - INFO - Epoch [7][8/31]	lr: 3.866e-04, eta: 0:02:34, time: 6.248, data_time: 5.158, memory: 3924, loss_rpn_cls: 0.0095, loss_rpn_bbox: 0.0061, loss_cls: 0.0996, acc: 96.7773, loss_bbox: 0.1949, loss_mask: 0.1491, loss: 0.4592
2023-02-09 16:37:35,659 - mmdet - INFO - Epoch [7][10/31]	lr: 3.906e-04, eta: 0:02:27, time: 1.136, data_time: 0.184, memory: 3924, loss_rpn_cls: 0.0001, loss_rpn_bbox: 0.0035, loss_cls: 0.0391, acc: 98.9258, loss_bbox: 0.0561, loss_mask: 0.0389, loss: 0.1377
2023-02-09 16:37:38,011 - mmdet - INFO - Epoch [7][12/31]	lr: 3.946e-04, eta: 0:02:21, time: 1.170, data_time: 0.184, memory: 3924, loss_rpn_cls: 0.0015, loss_rpn_bbox: 0.0024, loss_cls: 0.0334, acc: 99.2188, loss_bbox: 0.0459, loss_mask: 0.0468, loss: 0.1300
2023-02-09 16:37:52,799 - mmdet - INFO - Epoch [7][14/31]	lr: 3.986e-04, eta: 0:02:17, time: 7.376, data_time: 6.476, memory: 3924, loss_rpn_cls: 0.0107, loss_rpn_bbox: 0.0039, loss_cls: 0.0359, acc: 99.3164, loss_bbox: 0.0568, loss_mask: 0.0489, loss: 0.1563
2023-02-09 16:37:55,030 - mmdet - INFO - Epoch [7][16/31]	lr: 4.026e-04, eta: 0:02:11, time: 1.149, data_time: 0.224, memory: 3924, loss_rpn_cls: 0.0140, loss_rpn_bbox: 0.0201, loss_cls: 0.1039, acc: 95.4102, loss_bbox: 0.1725, loss_mask: 0.0931, loss: 0.4037
2023-02-09 16:37:56,514 - mmdet - INFO - Epoch [7][18/31]	lr: 4.066e-04, eta: 0:02:04, time: 0.744, data_time: 0.172, memory: 3924, loss_rpn_cls: 0.0060, loss_rpn_bbox: 0.0147, loss_cls: 0.0925, acc: 96.5332, loss_bbox: 0.1707, loss_mask: 0.0818, loss: 0.3657
2023-02-09 16:37:58,101 - mmdet - INFO - Epoch [7][20/31]	lr: 4.106e-04, eta: 0:01:57, time: 0.798, data_time: 0.201, memory: 3924, loss_rpn_cls: 0.0075, loss_rpn_bbox: 0.0218, loss_cls: 0.1405, acc: 94.1895, loss_bbox: 0.2177, loss_mask: 0.1294, loss: 0.5169
2023-02-09 16:37:59,354 - mmdet - INFO - Epoch [7][22/31]	lr: 4.146e-04, eta: 0:01:51, time: 0.622, data_time: 0.154, memory: 3924, loss_rpn_cls: 0.0062, loss_rpn_bbox: 0.0160, loss_cls: 0.0959, acc: 96.0938, loss_bbox: 0.1587, loss_mask: 0.0881, loss: 0.3648
2023-02-09 16:38:00,936 - mmdet - INFO - Epoch [7][24/31]	lr: 4.186e-04, eta: 0:01:45, time: 0.815, data_time: 0.159, memory: 3924, loss_rpn_cls: 0.0041, loss_rpn_bbox: 0.0021, loss_cls: 0.0465, acc: 98.3887, loss_bbox: 0.0372, loss_mask: 0.0389, loss: 0.1286
2023-02-09 16:38:03,497 - mmdet - INFO - Epoch [7][26/31]	lr: 4.226e-04, eta: 0:01:39, time: 1.274, data_time: 0.157, memory: 3924, loss_rpn_cls: 0.0065, loss_rpn_bbox: 0.0109, loss_cls: 0.0813, acc: 96.9238, loss_bbox: 0.1138, loss_mask: 0.1160, loss: 0.3285
2023-02-09 16:38:06,184 - mmdet - INFO - Epoch [7][28/31]	lr: 4.266e-04, eta: 0:01:33, time: 1.351, data_time: 0.189, memory: 3924, loss_rpn_cls: 0.0145, loss_rpn_bbox: 0.0179, loss_cls: 0.0694, acc: 97.9492, loss_bbox: 0.1222, loss_mask: 0.1108, loss: 0.3348
2023-02-09 16:38:08,728 - mmdet - INFO - Epoch [7][30/31]	lr: 4.306e-04, eta: 0:01:27, time: 1.254, data_time: 0.194, memory: 3924, loss_rpn_cls: 0.0071, loss_rpn_bbox: 0.0151, loss_cls: 0.1124, acc: 95.3613, loss_bbox: 0.1165, loss_mask: 0.0729, loss: 0.3240
2023-02-09 16:38:10,509 - mmdet - INFO - Saving checkpoint at 7 epochs
2023-02-09 16:38:36,310 - mmdet - INFO - Evaluating bbox...
2023-02-09 16:38:39,837 - mmdet - INFO - 
 Average Precision  (AP) @[ IoU=0.50:0.95 | area=   all | maxDets=100 ] = 0.732
 Average Precision  (AP) @[ IoU=0.50      | area=   all | maxDets=1000 ] = 0.888
 Average Precision  (AP) @[ IoU=0.75      | area=   all | maxDets=1000 ] = 0.878
 Average Precision  (AP) @[ IoU=0.50:0.95 | area= small | maxDets=1000 ] = 0.284
 Average Precision  (AP) @[ IoU=0.50:0.95 | area=medium | maxDets=1000 ] = 0.620
 Average Precision  (AP) @[ IoU=0.50:0.95 | area= large | maxDets=1000 ] = 0.784
 Average Recall     (AR) @[ IoU=0.50:0.95 | area=   all | maxDets=100 ] = 0.800
 Average Recall     (AR) @[ IoU=0.50:0.95 | area=   all | maxDets=300 ] = 0.800
 Average Recall     (AR) @[ IoU=0.50:0.95 | area=   all | maxDets=1000 ] = 0.800
 Average Recall     (AR) @[ IoU=0.50:0.95 | area= small | maxDets=1000 ] = 0.550
 Average Recall     (AR) @[ IoU=0.50:0.95 | area=medium | maxDets=1000 ] = 0.742
 Average Recall     (AR) @[ IoU=0.50:0.95 | area= large | maxDets=1000 ] = 0.833

2023-02-09 16:38:39,837 - mmdet - INFO - Evaluating segm...
2023-02-09 16:38:39,903 - mmdet - INFO - 
 Average Precision  (AP) @[ IoU=0.50:0.95 | area=   all | maxDets=100 ] = 0.794
 Average Precision  (AP) @[ IoU=0.50      | area=   all | maxDets=1000 ] = 0.888
 Average Precision  (AP) @[ IoU=0.75      | area=   all | maxDets=1000 ] = 0.860
 Average Precision  (AP) @[ IoU=0.50:0.95 | area= small | maxDets=1000 ] = 0.134
 Average Precision  (AP) @[ IoU=0.50:0.95 | area=medium | maxDets=1000 ] = 0.639
 Average Precision  (AP) @[ IoU=0.50:0.95 | area= large | maxDets=1000 ] = 0.860
 Average Recall     (AR) @[ IoU=0.50:0.95 | area=   all | maxDets=100 ] = 0.852
 Average Recall     (AR) @[ IoU=0.50:0.95 | area=   all | maxDets=300 ] = 0.852
 Average Recall     (AR) @[ IoU=0.50:0.95 | area=   all | maxDets=1000 ] = 0.852
 Average Recall     (AR) @[ IoU=0.50:0.95 | area= small | maxDets=1000 ] = 0.750
 Average Recall     (AR) @[ IoU=0.50:0.95 | area=medium | maxDets=1000 ] = 0.750
 Average Recall     (AR) @[ IoU=0.50:0.95 | area= large | maxDets=1000 ] = 0.892

2023-02-09 16:38:39,905 - mmdet - INFO - Exp name: train.py
2023-02-09 16:38:39,905 - mmdet - INFO - Epoch(val) [7][13]	bbox_mAP: 0.7325, bbox_mAP_50: 0.8880, bbox_mAP_75: 0.8784, bbox_mAP_s: 0.2842, bbox_mAP_m: 0.6197, bbox_mAP_l: 0.7845, bbox_mAP_copypaste: 0.7325 0.8880 0.8784 0.2842 0.6197 0.7845, segm_mAP: 0.7938, segm_mAP_50: 0.8880, segm_mAP_75: 0.8602, segm_mAP_s: 0.1342, segm_mAP_m: 0.6391, segm_mAP_l: 0.8597, segm_mAP_copypaste: 0.7938 0.8880 0.8602 0.1342 0.6391 0.8597
2023-02-09 16:39:13,899 - mmdet - INFO - Epoch [8][2/31]	lr: 4.366e-04, eta: 0:01:18, time: 1.818, data_time: 1.221, memory: 3924, loss_rpn_cls: 0.0140, loss_rpn_bbox: 0.0170, loss_cls: 0.1222, acc: 94.4824, loss_bbox: 0.1428, loss_mask: 0.0996, loss: 0.3957
2023-02-09 16:39:23,139 - mmdet - INFO - Epoch [8][4/31]	lr: 4.406e-04, eta: 0:01:13, time: 4.613, data_time: 3.802, memory: 3924, loss_rpn_cls: 0.0165, loss_rpn_bbox: 0.0032, loss_cls: 0.0402, acc: 98.5352, loss_bbox: 0.0407, loss_mask: 0.0602, loss: 0.1608
2023-02-09 16:39:28,686 - mmdet - INFO - Epoch [8][6/31]	lr: 4.446e-04, eta: 0:01:08, time: 2.771, data_time: 1.808, memory: 3924, loss_rpn_cls: 0.0079, loss_rpn_bbox: 0.0072, loss_cls: 0.0969, acc: 95.9961, loss_bbox: 0.1297, loss_mask: 0.1141, loss: 0.3558
2023-02-09 16:39:30,276 - mmdet - INFO - Epoch [8][8/31]	lr: 4.486e-04, eta: 0:01:02, time: 0.760, data_time: 0.147, memory: 3924, loss_rpn_cls: 0.0197, loss_rpn_bbox: 0.0060, loss_cls: 0.0547, acc: 97.5586, loss_bbox: 0.0920, loss_mask: 0.1186, loss: 0.2910
2023-02-09 16:39:32,535 - mmdet - INFO - Epoch [8][10/31]	lr: 4.525e-04, eta: 0:00:56, time: 1.168, data_time: 0.268, memory: 3924, loss_rpn_cls: 0.0161, loss_rpn_bbox: 0.0190, loss_cls: 0.1257, acc: 94.9707, loss_bbox: 0.2009, loss_mask: 0.1455, loss: 0.5073
2023-02-09 16:39:34,443 - mmdet - INFO - Epoch [8][12/31]	lr: 4.565e-04, eta: 0:00:50, time: 0.934, data_time: 0.200, memory: 3924, loss_rpn_cls: 0.0068, loss_rpn_bbox: 0.0224, loss_cls: 0.1055, acc: 96.2891, loss_bbox: 0.1369, loss_mask: 0.1010, loss: 0.3726
2023-02-09 16:39:36,312 - mmdet - INFO - Epoch [8][14/31]	lr: 4.605e-04, eta: 0:00:45, time: 0.969, data_time: 0.214, memory: 3924, loss_rpn_cls: 0.0130, loss_rpn_bbox: 0.0039, loss_cls: 0.0471, acc: 98.5840, loss_bbox: 0.0774, loss_mask: 0.0637, loss: 0.2050
2023-02-09 16:39:38,240 - mmdet - INFO - Epoch [8][16/31]	lr: 4.645e-04, eta: 0:00:39, time: 0.955, data_time: 0.191, memory: 3924, loss_rpn_cls: 0.0079, loss_rpn_bbox: 0.0023, loss_cls: 0.0507, acc: 98.4375, loss_bbox: 0.0606, loss_mask: 0.0508, loss: 0.1723
2023-02-09 16:39:40,308 - mmdet - INFO - Epoch [8][18/31]	lr: 4.685e-04, eta: 0:00:34, time: 1.042, data_time: 0.174, memory: 3924, loss_rpn_cls: 0.0206, loss_rpn_bbox: 0.0193, loss_cls: 0.0639, acc: 98.3398, loss_bbox: 0.0894, loss_mask: 0.0700, loss: 0.2632
2023-02-09 16:39:42,646 - mmdet - INFO - Epoch [8][20/31]	lr: 4.725e-04, eta: 0:00:28, time: 1.147, data_time: 0.166, memory: 3924, loss_rpn_cls: 0.0010, loss_rpn_bbox: 0.0122, loss_cls: 0.0895, acc: 96.3379, loss_bbox: 0.1128, loss_mask: 0.0878, loss: 0.3033
2023-02-09 16:39:44,348 - mmdet - INFO - Epoch [8][22/31]	lr: 4.765e-04, eta: 0:00:23, time: 0.887, data_time: 0.194, memory: 3924, loss_rpn_cls: 0.0091, loss_rpn_bbox: 0.0031, loss_cls: 0.0482, acc: 98.7305, loss_bbox: 0.0690, loss_mask: 0.0708, loss: 0.2001
2023-02-09 16:39:46,096 - mmdet - INFO - Epoch [8][24/31]	lr: 4.805e-04, eta: 0:00:18, time: 0.881, data_time: 0.191, memory: 3924, loss_rpn_cls: 0.0043, loss_rpn_bbox: 0.0136, loss_cls: 0.0884, acc: 96.5332, loss_bbox: 0.1501, loss_mask: 0.0787, loss: 0.3350
2023-02-09 16:39:47,850 - mmdet - INFO - Epoch [8][26/31]	lr: 4.845e-04, eta: 0:00:12, time: 0.882, data_time: 0.633, memory: 3924, loss_rpn_cls: 0.0093, loss_rpn_bbox: 0.0143, loss_cls: 0.0824, acc: 97.2168, loss_bbox: 0.1429, loss_mask: 0.1506, loss: 0.3995
2023-02-09 16:39:48,665 - mmdet - INFO - Epoch [8][28/31]	lr: 4.885e-04, eta: 0:00:07, time: 0.405, data_time: 0.154, memory: 3924, loss_rpn_cls: 0.0029, loss_rpn_bbox: 0.0023, loss_cls: 0.0250, acc: 99.1699, loss_bbox: 0.0359, loss_mask: 0.0468, loss: 0.1128
2023-02-09 16:39:50,397 - mmdet - INFO - Epoch [8][30/31]	lr: 4.925e-04, eta: 0:00:02, time: 0.828, data_time: 0.178, memory: 3924, loss_rpn_cls: 0.0092, loss_rpn_bbox: 0.0065, loss_cls: 0.0408, acc: 98.6816, loss_bbox: 0.0676, loss_mask: 0.0477, loss: 0.1718
2023-02-09 16:39:51,691 - mmdet - INFO - Saving checkpoint at 8 epochs
2023-02-09 16:42:53,634 - mmdet - INFO - Evaluating bbox...
2023-02-09 16:42:53,685 - mmdet - INFO - 
 Average Precision  (AP) @[ IoU=0.50:0.95 | area=   all | maxDets=100 ] = 0.769
 Average Precision  (AP) @[ IoU=0.50      | area=   all | maxDets=1000 ] = 0.894
 Average Precision  (AP) @[ IoU=0.75      | area=   all | maxDets=1000 ] = 0.883
 Average Precision  (AP) @[ IoU=0.50:0.95 | area= small | maxDets=1000 ] = 0.317
 Average Precision  (AP) @[ IoU=0.50:0.95 | area=medium | maxDets=1000 ] = 0.658
 Average Precision  (AP) @[ IoU=0.50:0.95 | area= large | maxDets=1000 ] = 0.823
 Average Recall     (AR) @[ IoU=0.50:0.95 | area=   all | maxDets=100 ] = 0.832
 Average Recall     (AR) @[ IoU=0.50:0.95 | area=   all | maxDets=300 ] = 0.832
 Average Recall     (AR) @[ IoU=0.50:0.95 | area=   all | maxDets=1000 ] = 0.832
 Average Recall     (AR) @[ IoU=0.50:0.95 | area= small | maxDets=1000 ] = 0.550
 Average Recall     (AR) @[ IoU=0.50:0.95 | area=medium | maxDets=1000 ] = 0.767
 Average Recall     (AR) @[ IoU=0.50:0.95 | area= large | maxDets=1000 ] = 0.869

2023-02-09 16:42:53,685 - mmdet - INFO - Evaluating segm...
2023-02-09 16:42:53,744 - mmdet - INFO - 
 Average Precision  (AP) @[ IoU=0.50:0.95 | area=   all | maxDets=100 ] = 0.804
 Average Precision  (AP) @[ IoU=0.50      | area=   all | maxDets=1000 ] = 0.894
 Average Precision  (AP) @[ IoU=0.75      | area=   all | maxDets=1000 ] = 0.877
 Average Precision  (AP) @[ IoU=0.50:0.95 | area= small | maxDets=1000 ] = 0.130
 Average Precision  (AP) @[ IoU=0.50:0.95 | area=medium | maxDets=1000 ] = 0.664
 Average Precision  (AP) @[ IoU=0.50:0.95 | area= large | maxDets=1000 ] = 0.869
 Average Recall     (AR) @[ IoU=0.50:0.95 | area=   all | maxDets=100 ] = 0.860
 Average Recall     (AR) @[ IoU=0.50:0.95 | area=   all | maxDets=300 ] = 0.860
 Average Recall     (AR) @[ IoU=0.50:0.95 | area=   all | maxDets=1000 ] = 0.860
 Average Recall     (AR) @[ IoU=0.50:0.95 | area= small | maxDets=1000 ] = 0.700
 Average Recall     (AR) @[ IoU=0.50:0.95 | area=medium | maxDets=1000 ] = 0.767
 Average Recall     (AR) @[ IoU=0.50:0.95 | area= large | maxDets=1000 ] = 0.900

2023-02-09 16:42:53,745 - mmdet - INFO - Exp name: train.py
2023-02-09 16:42:53,745 - mmdet - INFO - Epoch(val) [8][13]	bbox_mAP: 0.7693, bbox_mAP_50: 0.8936, bbox_mAP_75: 0.8826, bbox_mAP_s: 0.3172, bbox_mAP_m: 0.6576, bbox_mAP_l: 0.8230, bbox_mAP_copypaste: 0.7693 0.8936 0.8826 0.3172 0.6576 0.8230, segm_mAP: 0.8043, segm_mAP_50: 0.8936, segm_mAP_75: 0.8765, segm_mAP_s: 0.1301, segm_mAP_m: 0.6640, segm_mAP_l: 0.8691, segm_mAP_copypaste: 0.8043 0.8936 0.8765 0.1301 0.6640 0.8691
